#
# There is insufficient memory for the Java Runtime Environment to continue.
# Native memory allocation (malloc) failed to allocate 1048576 bytes. Error detail: AllocateHeap
# Possible reasons:
#   The system is out of physical RAM or swap space
#   This process is running with CompressedOops enabled, and the Java Heap may be blocking the growth of the native heap
# Possible solutions:
#   Reduce memory load on the system
#   Increase physical memory or swap space
#   Check if swap backing store is full
#   Decrease Java heap size (-Xmx/-Xms)
#   Decrease number of Java threads
#   Decrease Java thread stack sizes (-Xss)
#   Set larger code cache with -XX:ReservedCodeCacheSize=
#   JVM is running with Unscaled Compressed Oops mode in which the Java heap is
#     placed in the first 4GB address space. The Java Heap base address is the
#     maximum limit for the native heap growth. Please use -XX:HeapBaseMinAddress
#     to set the Java Heap base and to place the Java Heap above 4GB virtual address.
# This output file may be truncated or incomplete.
#
#  Out of Memory Error (allocation.cpp:44), pid=21164, tid=22884
#
# JRE version: OpenJDK Runtime Environment Temurin-21.0.8+9 (21.0.8+9) (build 21.0.8+9-LTS)
# Java VM: OpenJDK 64-Bit Server VM Temurin-21.0.8+9 (21.0.8+9-LTS, mixed mode, sharing, tiered, compressed oops, compressed class ptrs, parallel gc, windows-amd64)
# No core dump will be written. Minidumps are not enabled by default on client versions of Windows
#

---------------  S U M M A R Y ------------

Command Line: --add-modules=ALL-SYSTEM --add-opens=java.base/java.util=ALL-UNNAMED --add-opens=java.base/java.lang=ALL-UNNAMED --add-opens=java.base/sun.nio.fs=ALL-UNNAMED -Declipse.application=org.eclipse.jdt.ls.core.id1 -Dosgi.bundles.defaultStartLevel=4 -Declipse.product=org.eclipse.jdt.ls.core.product -Djava.import.generatesMetadataFilesAtProjectRoot=false -DDetectVMInstallationsJob.disabled=true -Dfile.encoding=utf8 -XX:+UseParallelGC -XX:GCTimeRatio=4 -XX:AdaptiveSizePolicyWeight=90 -Dsun.zip.disableMemoryMapping=true -Xmx2G -Xms100m -Xlog:disable -javaagent:c:\Users\ACER\.vscode\extensions\redhat.java-1.47.0-win32-x64\lombok\lombok-1.18.39-4050.jar -XX:+HeapDumpOnOutOfMemoryError -XX:HeapDumpPath=c:\Users\ACER\AppData\Roaming\Code\User\workspaceStorage\28a43a16ab2bd5f335c8d6653351ac8b\redhat.java -Daether.dependencyCollector.impl=bf c:\Users\ACER\.vscode\extensions\redhat.java-1.47.0-win32-x64\server\plugins\org.eclipse.equinox.launcher_1.7.100.v20251014-1222.jar -configuration c:\Users\ACER\AppData\Roaming\Code\User\globalStorage\redhat.java\1.47.0\config_win -data c:\Users\ACER\AppData\Roaming\Code\User\workspaceStorage\28a43a16ab2bd5f335c8d6653351ac8b\redhat.java\jdt_ws --pipe=\\.\pipe\lsp-267287d3cee80e5a413c8672c9aef67e-sock

Host: 11th Gen Intel(R) Core(TM) i5-11400H @ 2.70GHz, 12 cores, 15G,  Windows 11 , 64 bit Build 26100 (10.0.26100.7019)
Time: Fri Nov 14 23:31:22 2025 Malay Peninsula Standard Time elapsed time: 96.860276 seconds (0d 0h 1m 36s)

---------------  T H R E A D  ---------------

Current thread (0x0000024b64008c40):  JavaThread "Attach Listener" daemon [_thread_in_vm, id=22884, stack(0x0000005974200000,0x0000005974300000) (1024K)]

Stack: [0x0000005974200000,0x0000005974300000]
Native frames: (J=compiled Java code, j=interpreted, Vv=VM code, C=native code)
V  [jvm.dll+0x6d2449]
V  [jvm.dll+0x8ae341]
V  [jvm.dll+0x8b08be]
V  [jvm.dll+0x8b0fa3]
V  [jvm.dll+0x280c96]
V  [jvm.dll+0xc0347]
V  [jvm.dll+0x6d2cf9]
V  [jvm.dll+0x131116]
V  [jvm.dll+0x3f2d16]
V  [jvm.dll+0x857e6b]
V  [jvm.dll+0x6d0b0d]
C  [ucrtbase.dll+0x37b0]
C  [KERNEL32.DLL+0x2e8d7]
C  [ntdll.dll+0x8c53c]


---------------  P R O C E S S  ---------------

Threads class SMR info:
_java_thread_list=0x0000024b721c0700, length=80, elements={
0x0000024b0657ed40, 0x0000024b640044b0, 0x0000024b64005570, 0x0000024b64006fe0,
0x0000024b64008c40, 0x0000024b6400cc60, 0x0000024b64011150, 0x0000024b64019a30,
0x0000024b64023cc0, 0x0000024b640e7530, 0x0000024b6438cfa0, 0x0000024b649d1370,
0x0000024b648fe280, 0x0000024b64da1310, 0x0000024b64da1970, 0x0000024b65389970,
0x0000024b65164ef0, 0x0000024b64eda510, 0x0000024b6545c930, 0x0000024b657de9c0,
0x0000024b657df050, 0x0000024b657df6e0, 0x0000024b657de330, 0x0000024b657dfd70,
0x0000024b657dcf80, 0x0000024b6891dde0, 0x0000024b6891d0c0, 0x0000024b6891eb00,
0x0000024b68920bd0, 0x0000024b68920540, 0x0000024b6891f820, 0x0000024b6891e470,
0x0000024b6891feb0, 0x0000024b6891d750, 0x0000024b689218f0, 0x0000024b68921260,
0x0000024b6891f190, 0x0000024b68923330, 0x0000024b68921f80, 0x0000024b680eaf60,
0x0000024b680e9bb0, 0x0000024b680ea240, 0x0000024b680e8170, 0x0000024b680eea70,
0x0000024b680ed6c0, 0x0000024b680edd50, 0x0000024b680ee3e0, 0x0000024b680ec9a0,
0x0000024b680ec310, 0x0000024b680ed030, 0x0000024b680ef100, 0x0000024b680ebc80,
0x0000024b680ef790, 0x0000024b678b4e00, 0x0000024b678b61b0, 0x0000024b678b5490,
0x0000024b678b33c0, 0x0000024b678b4770, 0x0000024b678b6840, 0x0000024b678b5b20,
0x0000024b678b6ed0, 0x0000024b678b7560, 0x0000024b678b40e0, 0x0000024b678b9cc0,
0x0000024b678ba350, 0x0000024b678b8fa0, 0x0000024b678b7bf0, 0x0000024b678b9630,
0x0000024b678b8280, 0x0000024b678b8910, 0x0000024b64487e50, 0x0000024b64488b70,
0x0000024b644856f0, 0x0000024b64489200, 0x0000024b64485d80, 0x0000024b64489890,
0x0000024b64489f20, 0x0000024b6448a5b0, 0x0000024b644877c0, 0x0000024b6448c680
}

Java Threads: ( => current thread )
  0x0000024b0657ed40 JavaThread "main"                              [_thread_blocked, id=21160, stack(0x0000005973b00000,0x0000005973c00000) (1024K)]
  0x0000024b640044b0 JavaThread "Reference Handler"          daemon [_thread_blocked, id=12264, stack(0x0000005973f00000,0x0000005974000000) (1024K)]
  0x0000024b64005570 JavaThread "Finalizer"                  daemon [_thread_blocked, id=19528, stack(0x0000005974000000,0x0000005974100000) (1024K)]
  0x0000024b64006fe0 JavaThread "Signal Dispatcher"          daemon [_thread_blocked, id=18576, stack(0x0000005974100000,0x0000005974200000) (1024K)]
=>0x0000024b64008c40 JavaThread "Attach Listener"            daemon [_thread_in_vm, id=22884, stack(0x0000005974200000,0x0000005974300000) (1024K)]
  0x0000024b6400cc60 JavaThread "Service Thread"             daemon [_thread_blocked, id=9228, stack(0x0000005974300000,0x0000005974400000) (1024K)]
  0x0000024b64011150 JavaThread "Monitor Deflation Thread"   daemon [_thread_blocked, id=21704, stack(0x0000005974400000,0x0000005974500000) (1024K)]
  0x0000024b64019a30 JavaThread "C2 CompilerThread0"         daemon [_thread_blocked, id=8020, stack(0x0000005974500000,0x0000005974600000) (1024K)]
  0x0000024b64023cc0 JavaThread "C1 CompilerThread0"         daemon [_thread_blocked, id=22564, stack(0x0000005974600000,0x0000005974700000) (1024K)]
  0x0000024b640e7530 JavaThread "Common-Cleaner"             daemon [_thread_blocked, id=20152, stack(0x0000005974700000,0x0000005974800000) (1024K)]
  0x0000024b6438cfa0 JavaThread "Notification Thread"        daemon [_thread_blocked, id=14236, stack(0x0000005974900000,0x0000005974a00000) (1024K)]
  0x0000024b649d1370 JavaThread "Active Thread: Equinox Container: 440e048d-184d-4b5d-a2f7-6197832a85e1"        [_thread_blocked, id=4760, stack(0x0000005975100000,0x0000005975200000) (1024K)]
  0x0000024b648fe280 JavaThread "Refresh Thread: Equinox Container: 440e048d-184d-4b5d-a2f7-6197832a85e1" daemon [_thread_blocked, id=2544, stack(0x0000005975200000,0x0000005975300000) (1024K)]
  0x0000024b64da1310 JavaThread "Framework Event Dispatcher: Equinox Container: 440e048d-184d-4b5d-a2f7-6197832a85e1" daemon [_thread_blocked, id=4652, stack(0x0000005975400000,0x0000005975500000) (1024K)]
  0x0000024b64da1970 JavaThread "Start Level: Equinox Container: 440e048d-184d-4b5d-a2f7-6197832a85e1" daemon [_thread_blocked, id=20604, stack(0x0000005975500000,0x0000005975600000) (1024K)]
  0x0000024b65389970 JavaThread "Bundle File Closer"         daemon [_thread_blocked, id=21528, stack(0x0000005975800000,0x0000005975900000) (1024K)]
  0x0000024b65164ef0 JavaThread "SCR Component Actor"        daemon [_thread_blocked, id=19292, stack(0x0000005975900000,0x0000005975a00000) (1024K)]
  0x0000024b64eda510 JavaThread "Worker-JM"                         [_thread_blocked, id=18612, stack(0x0000005975a00000,0x0000005975b00000) (1024K)]
  0x0000024b6545c930 JavaThread "JNA Cleaner"                daemon [_thread_blocked, id=1360, stack(0x0000005975b00000,0x0000005975c00000) (1024K)]
  0x0000024b657de9c0 JavaThread "Java indexing"              daemon [_thread_blocked, id=23476, stack(0x0000005975e00000,0x0000005975f00000) (1024K)]
  0x0000024b657df050 JavaThread "Worker-2"                          [_thread_blocked, id=1400, stack(0x0000005976200000,0x0000005976300000) (1024K)]
  0x0000024b657df6e0 JavaThread "Worker-3"                          [_thread_blocked, id=14008, stack(0x0000005976300000,0x0000005976400000) (1024K)]
  0x0000024b657de330 JavaThread "Worker-5"                          [_thread_blocked, id=3180, stack(0x0000005976500000,0x0000005976600000) (1024K)]
  0x0000024b657dfd70 JavaThread "Thread-1"                   daemon [_thread_in_native, id=22916, stack(0x0000005976600000,0x0000005976700000) (1024K)]
  0x0000024b657dcf80 JavaThread "Thread-2"                   daemon [_thread_in_native, id=7708, stack(0x0000005976700000,0x0000005976800000) (1024K)]
  0x0000024b6891dde0 JavaThread "Thread-3"                   daemon [_thread_in_native, id=7472, stack(0x0000005976800000,0x0000005976900000) (1024K)]
  0x0000024b6891d0c0 JavaThread "Thread-4"                   daemon [_thread_in_native, id=2612, stack(0x0000005976900000,0x0000005976a00000) (1024K)]
  0x0000024b6891eb00 JavaThread "Thread-5"                   daemon [_thread_in_native, id=3860, stack(0x0000005976a00000,0x0000005976b00000) (1024K)]
  0x0000024b68920bd0 JavaThread "Thread-6"                   daemon [_thread_in_native, id=13540, stack(0x0000005976b00000,0x0000005976c00000) (1024K)]
  0x0000024b68920540 JavaThread "Thread-7"                   daemon [_thread_in_native, id=5504, stack(0x0000005976c00000,0x0000005976d00000) (1024K)]
  0x0000024b6891f820 JavaThread "Thread-8"                   daemon [_thread_in_native, id=20344, stack(0x0000005976d00000,0x0000005976e00000) (1024K)]
  0x0000024b6891e470 JavaThread "Thread-9"                   daemon [_thread_in_native, id=7692, stack(0x0000005976e00000,0x0000005976f00000) (1024K)]
  0x0000024b6891feb0 JavaThread "Thread-10"                  daemon [_thread_in_native, id=14260, stack(0x0000005976f00000,0x0000005977000000) (1024K)]
  0x0000024b6891d750 JavaThread "Thread-11"                  daemon [_thread_in_native, id=13592, stack(0x0000005977000000,0x0000005977100000) (1024K)]
  0x0000024b689218f0 JavaThread "Thread-12"                  daemon [_thread_in_native, id=14992, stack(0x0000005977100000,0x0000005977200000) (1024K)]
  0x0000024b68921260 JavaThread "Thread-13"                  daemon [_thread_in_native, id=17692, stack(0x0000005977200000,0x0000005977300000) (1024K)]
  0x0000024b6891f190 JavaThread "pool-2-thread-1"                   [_thread_blocked, id=18844, stack(0x0000005977300000,0x0000005977400000) (1024K)]
  0x0000024b68923330 JavaThread "WorkspaceEventsHandler"            [_thread_blocked, id=18296, stack(0x0000005977400000,0x0000005977500000) (1024K)]
  0x0000024b68921f80 JavaThread "pool-1-thread-1"                   [_thread_blocked, id=19064, stack(0x0000005977500000,0x0000005977600000) (1024K)]
  0x0000024b680eaf60 JavaThread "LocalFile Deleter"          daemon [_thread_blocked, id=3416, stack(0x0000005977700000,0x0000005977800000) (1024K)]
  0x0000024b680e9bb0 JavaThread "LocalFile Deleter"          daemon [_thread_blocked, id=21212, stack(0x0000005977800000,0x0000005977900000) (1024K)]
  0x0000024b680ea240 JavaThread "LocalFile Deleter"          daemon [_thread_blocked, id=12336, stack(0x0000005977900000,0x0000005977a00000) (1024K)]
  0x0000024b680e8170 JavaThread "LocalFile Deleter"          daemon [_thread_blocked, id=10152, stack(0x0000005977b00000,0x0000005977c00000) (1024K)]
  0x0000024b680eea70 JavaThread "LocalFile Deleter"          daemon [_thread_blocked, id=4976, stack(0x0000005977c00000,0x0000005977d00000) (1024K)]
  0x0000024b680ed6c0 JavaThread "LocalFile Deleter"          daemon [_thread_blocked, id=14392, stack(0x0000005977d00000,0x0000005977e00000) (1024K)]
  0x0000024b680edd50 JavaThread "LocalFile Deleter"          daemon [_thread_blocked, id=4464, stack(0x0000005977e00000,0x0000005977f00000) (1024K)]
  0x0000024b680ee3e0 JavaThread "LocalFile Deleter"          daemon [_thread_blocked, id=7632, stack(0x0000005977f00000,0x0000005978000000) (1024K)]
  0x0000024b680ec9a0 JavaThread "LocalFile Deleter"          daemon [_thread_blocked, id=7488, stack(0x0000005978000000,0x0000005978100000) (1024K)]
  0x0000024b680ec310 JavaThread "LocalFile Deleter"          daemon [_thread_blocked, id=20352, stack(0x0000005978100000,0x0000005978200000) (1024K)]
  0x0000024b680ed030 JavaThread "Compiler Source File Reader" daemon [_thread_blocked, id=9896, stack(0x0000005978200000,0x0000005978300000) (1024K)]
  0x0000024b680ef100 JavaThread "Compiler Source File Reader" daemon [_thread_blocked, id=2988, stack(0x0000005978300000,0x0000005978400000) (1024K)]
  0x0000024b680ebc80 JavaThread "Compiler Source File Reader" daemon [_thread_blocked, id=1956, stack(0x0000005978400000,0x0000005978500000) (1024K)]
  0x0000024b680ef790 JavaThread "Compiler Source File Reader" daemon [_thread_blocked, id=18016, stack(0x0000005978500000,0x0000005978600000) (1024K)]
  0x0000024b678b4e00 JavaThread "Compiler Source File Reader" daemon [_thread_blocked, id=12968, stack(0x0000005978600000,0x0000005978700000) (1024K)]
  0x0000024b678b61b0 JavaThread "Compiler Source File Reader" daemon [_thread_blocked, id=15456, stack(0x0000005978700000,0x0000005978800000) (1024K)]
  0x0000024b678b5490 JavaThread "Compiler Source File Reader" daemon [_thread_blocked, id=15696, stack(0x0000005978800000,0x0000005978900000) (1024K)]
  0x0000024b678b33c0 JavaThread "Compiler Source File Reader" daemon [_thread_blocked, id=15104, stack(0x0000005978900000,0x0000005978a00000) (1024K)]
  0x0000024b678b4770 JavaThread "Compiler Source File Reader" daemon [_thread_blocked, id=22364, stack(0x0000005978a00000,0x0000005978b00000) (1024K)]
  0x0000024b678b6840 JavaThread "Compiler Source File Reader" daemon [_thread_blocked, id=5572, stack(0x0000005978b00000,0x0000005978c00000) (1024K)]
  0x0000024b678b5b20 JavaThread "Compiler Class File Writer" daemon [_thread_blocked, id=23180, stack(0x0000005978d00000,0x0000005978e00000) (1024K)]
  0x0000024b678b6ed0 JavaThread "Compiler Class File Writer" daemon [_thread_blocked, id=11560, stack(0x0000005978e00000,0x0000005978f00000) (1024K)]
  0x0000024b678b7560 JavaThread "Compiler Class File Writer" daemon [_thread_blocked, id=12864, stack(0x0000005978f00000,0x0000005979000000) (1024K)]
  0x0000024b678b40e0 JavaThread "Compiler Class File Writer" daemon [_thread_blocked, id=22972, stack(0x0000005979000000,0x0000005979100000) (1024K)]
  0x0000024b678b9cc0 JavaThread "Compiler Class File Writer" daemon [_thread_blocked, id=6652, stack(0x0000005979100000,0x0000005979200000) (1024K)]
  0x0000024b678ba350 JavaThread "Compiler Class File Writer" daemon [_thread_blocked, id=1100, stack(0x0000005979200000,0x0000005979300000) (1024K)]
  0x0000024b678b8fa0 JavaThread "Compiler Class File Writer" daemon [_thread_blocked, id=16120, stack(0x0000005979300000,0x0000005979400000) (1024K)]
  0x0000024b678b7bf0 JavaThread "Compiler Class File Writer" daemon [_thread_blocked, id=5888, stack(0x0000005979400000,0x0000005979500000) (1024K)]
  0x0000024b678b9630 JavaThread "Compiler Class File Writer" daemon [_thread_blocked, id=2800, stack(0x0000005979500000,0x0000005979600000) (1024K)]
  0x0000024b678b8280 JavaThread "Compiler Class File Writer" daemon [_thread_blocked, id=20732, stack(0x0000005979600000,0x0000005979700000) (1024K)]
  0x0000024b678b8910 JavaThread "Timer-0"                           [_thread_blocked, id=12428, stack(0x0000005979700000,0x0000005979800000) (1024K)]
  0x0000024b64487e50 JavaThread "ForkJoinPool.commonPool-worker-1" daemon [_thread_blocked, id=14228, stack(0x0000005974a00000,0x0000005974b00000) (1024K)]
  0x0000024b64488b70 JavaThread "ForkJoinPool.commonPool-worker-2" daemon [_thread_blocked, id=22428, stack(0x0000005979800000,0x0000005979900000) (1024K)]
  0x0000024b644856f0 JavaThread "ForkJoinPool.commonPool-worker-3" daemon [_thread_blocked, id=22804, stack(0x0000005979900000,0x0000005979a00000) (1024K)]
  0x0000024b64489200 JavaThread "ForkJoinPool.commonPool-worker-4" daemon [_thread_blocked, id=20700, stack(0x0000005979a00000,0x0000005979b00000) (1024K)]
  0x0000024b64485d80 JavaThread "ForkJoinPool.commonPool-worker-5" daemon [_thread_blocked, id=672, stack(0x0000005979b00000,0x0000005979c00000) (1024K)]
  0x0000024b64489890 JavaThread "ForkJoinPool.commonPool-worker-6" daemon [_thread_blocked, id=23224, stack(0x0000005979c00000,0x0000005979d00000) (1024K)]
  0x0000024b64489f20 JavaThread "ForkJoinPool.commonPool-worker-8" daemon [_thread_blocked, id=16836, stack(0x0000005979e00000,0x0000005979f00000) (1024K)]
  0x0000024b6448a5b0 JavaThread "ForkJoinPool.commonPool-worker-9" daemon [_thread_blocked, id=384, stack(0x0000005979f00000,0x000000597a000000) (1024K)]
  0x0000024b644877c0 JavaThread "ForkJoinPool.commonPool-worker-10" daemon [_thread_blocked, id=5800, stack(0x000000597a000000,0x000000597a100000) (1024K)]
  0x0000024b6448c680 JavaThread "ForkJoinPool.commonPool-worker-11" daemon [_thread_blocked, id=2732, stack(0x000000597a100000,0x000000597a200000) (1024K)]
Total: 80

Other Threads:
  0x0000024b0663eac0 VMThread "VM Thread"                           [id=10048, stack(0x0000005973e00000,0x0000005973f00000) (1024K)]
  0x0000024b065ec9b0 WatcherThread "VM Periodic Task Thread"        [id=22652, stack(0x0000005973d00000,0x0000005973e00000) (1024K)]
  0x0000024b0659d450 WorkerThread "GC Thread#0"                     [id=14700, stack(0x0000005973c00000,0x0000005973d00000) (1024K)]
  0x0000024b6442fb50 WorkerThread "GC Thread#1"                     [id=10180, stack(0x0000005974b00000,0x0000005974c00000) (1024K)]
  0x0000024b64f7a610 WorkerThread "GC Thread#2"                     [id=19812, stack(0x0000005974c00000,0x0000005974d00000) (1024K)]
  0x0000024b64f7a9b0 WorkerThread "GC Thread#3"                     [id=16604, stack(0x0000005974d00000,0x0000005974e00000) (1024K)]
  0x0000024b644ec130 WorkerThread "GC Thread#4"                     [id=9436, stack(0x0000005974e00000,0x0000005974f00000) (1024K)]
  0x0000024b644ec4d0 WorkerThread "GC Thread#5"                     [id=7784, stack(0x0000005974f00000,0x0000005975000000) (1024K)]
  0x0000024b643b8f80 WorkerThread "GC Thread#6"                     [id=6968, stack(0x0000005975000000,0x0000005975100000) (1024K)]
  0x0000024b648fe8e0 WorkerThread "GC Thread#7"                     [id=11604, stack(0x0000005975300000,0x0000005975400000) (1024K)]
  0x0000024b64edcd40 WorkerThread "GC Thread#8"                     [id=22220, stack(0x0000005975600000,0x0000005975700000) (1024K)]
  0x0000024b64edd0e0 WorkerThread "GC Thread#9"                     [id=17716, stack(0x0000005975700000,0x0000005975800000) (1024K)]
Total: 12

Threads with active compile tasks:
Total: 0

VM state: not at safepoint (normal execution)

VM Mutex/Monitor currently owned by a thread: None

Heap address: 0x0000000080000000, size: 2048 MB, Compressed Oops mode: 32-bit

CDS archive(s) mapped at: [0x0000024b1d000000-0x0000024b1dba0000-0x0000024b1dba0000), size 12189696, SharedBaseAddress: 0x0000024b1d000000, ArchiveRelocationMode: 1.
Compressed class space mapped at: 0x0000024b1e000000-0x0000024b5e000000, reserved size: 1073741824
Narrow klass base: 0x0000024b1d000000, Narrow klass shift: 0, Narrow klass range: 0x100000000

GC Precious Log:
 CardTable entry size: 512
 CPUs: 12 total, 12 available
 Memory: 16163M
 Large Page Support: Disabled
 NUMA Support: Disabled
 Compressed Oops: Enabled (32-bit)
 Alignments: Space 512K, Generation 512K, Heap 2M
 Heap Min Capacity: 100M
 Heap Initial Capacity: 100M
 Heap Max Capacity: 2G
 Pre-touch: Disabled
 Parallel Workers: 10

Heap:
 PSYoungGen      total 9728K, used 7527K [0x00000000d5580000, 0x00000000d6200000, 0x0000000100000000)
  eden space 7168K, 95% used [0x00000000d5580000,0x00000000d5c2ac98,0x00000000d5c80000)
  from space 2560K, 27% used [0x00000000d5e00000,0x00000000d5eaf348,0x00000000d6080000)
  to   space 1536K, 0% used [0x00000000d6080000,0x00000000d6080000,0x00000000d6200000)
 ParOldGen       total 150528K, used 112816K [0x0000000080000000, 0x0000000089300000, 0x00000000d5580000)
  object space 150528K, 74% used [0x0000000080000000,0x0000000086e2c3f0,0x0000000089300000)
 Metaspace       used 66564K, committed 67968K, reserved 1114112K
  class space    used 7578K, committed 8192K, reserved 1048576K

Card table byte_map: [0x0000024b05f20000,0x0000024b06330000] _byte_map_base: 0x0000024b05b20000

Marking Bits: (ParMarkBitMap*) 0x00007ffb28d2a340
 Begin Bits: [0x0000024b18a20000, 0x0000024b1aa20000)
 End Bits:   [0x0000024b1aa20000, 0x0000024b1ca20000)

Polling page: 0x0000024b04380000

Metaspace:

Usage:
  Non-class:     57.60 MB used.
      Class:      7.40 MB used.
       Both:     65.00 MB used.

Virtual space:
  Non-class space:       64.00 MB reserved,      58.38 MB ( 91%) committed,  1 nodes.
      Class space:        1.00 GB reserved,       8.00 MB ( <1%) committed,  1 nodes.
             Both:        1.06 GB reserved,      66.38 MB (  6%) committed. 

Chunk freelists:
   Non-Class:  4.77 MB
       Class:  7.85 MB
        Both:  12.62 MB

MaxMetaspaceSize: unlimited
CompressedClassSpaceSize: 1.00 GB
Initial GC threshold: 21.00 MB
Current GC threshold: 97.31 MB
CDS: on
 - commit_granule_bytes: 65536.
 - commit_granule_words: 8192.
 - virtual_space_node_default_size: 8388608.
 - enlarge_chunks_in_place: 1.
 - use_allocation_guard: 0.


Internal statistics:

num_allocs_failed_limit: 11.
num_arena_births: 1156.
num_arena_deaths: 30.
num_vsnodes_births: 2.
num_vsnodes_deaths: 0.
num_space_committed: 1062.
num_space_uncommitted: 0.
num_chunks_returned_to_freelist: 44.
num_chunks_taken_from_freelist: 4102.
num_chunk_merges: 13.
num_chunk_splits: 2612.
num_chunks_enlarged: 1655.
num_inconsistent_stats: 0.

CodeHeap 'non-profiled nmethods': size=120000Kb used=8074Kb max_used=8074Kb free=111926Kb
 bounds [0x0000024b11240000, 0x0000024b11a30000, 0x0000024b18770000]
CodeHeap 'profiled nmethods': size=120000Kb used=21815Kb max_used=21815Kb free=98185Kb
 bounds [0x0000024b09770000, 0x0000024b0acc0000, 0x0000024b10ca0000]
CodeHeap 'non-nmethods': size=5760Kb used=1439Kb max_used=1505Kb free=4320Kb
 bounds [0x0000024b10ca0000, 0x0000024b10f10000, 0x0000024b11240000]
CodeCache: size=245760Kb, used=31328Kb, max_used=31394Kb, free=214431Kb
 total_blobs=10629, nmethods=9892, adapters=642, full_count=0
Compilation: enabled, stopped_count=0, restarted_count=0

Compilation events (20 events):
Event: 31.237 Thread 0x0000024b642e5130 nmethod 10609 0x0000024b11a1cc10 code [0x0000024b11a1ce60, 0x0000024b11a1d8b8]
Event: 31.237 Thread 0x0000024b64089e40 10615       4       java.util.regex.Pattern$BmpCharPropertyGreedy::match (89 bytes)
Event: 31.237 Thread 0x0000024b642e5130 10616       4       java.util.ImmutableCollections$SetN::probe (56 bytes)
Event: 31.241 Thread 0x0000024b642e5130 nmethod 10616 0x0000024b11a1e110 code [0x0000024b11a1e2c0, 0x0000024b11a1e538]
Event: 31.245 Thread 0x0000024b64089e40 nmethod 10615 0x0000024b11a1e710 code [0x0000024b11a1e8e0, 0x0000024b11a1ee80]
Event: 31.251 Thread 0x0000024b64019a30 nmethod 10600 0x0000024b11a1f290 code [0x0000024b11a1f660, 0x0000024b11a210a0]
Event: 53.662 Thread 0x0000024b64023cc0 10618       3       java.util.TaskQueue::isEmpty (13 bytes)
Event: 53.662 Thread 0x0000024b64023cc0 nmethod 10618 0x0000024b0acba690 code [0x0000024b0acba820, 0x0000024b0acba980]
Event: 54.662 Thread 0x0000024b64023cc0 10619       3       java.util.concurrent.atomic.AtomicReference::getAndSet (9 bytes)
Event: 54.663 Thread 0x0000024b64023cc0 nmethod 10619 0x0000024b0acbaa10 code [0x0000024b0acbaca0, 0x0000024b0acbb888]
Event: 55.016 Thread 0x0000024b64023cc0 10620       3       java.util.concurrent.locks.AbstractQueuedSynchronizer$ConditionObject::canReacquire (38 bytes)
Event: 55.016 Thread 0x0000024b64023cc0 nmethod 10620 0x0000024b0acbbc10 code [0x0000024b0acbbde0, 0x0000024b0acbc128]
Event: 61.247 Thread 0x0000024b64023cc0 10621       3       java.util.concurrent.locks.ReentrantLock::lockInterruptibly (8 bytes)
Event: 61.247 Thread 0x0000024b64023cc0 nmethod 10621 0x0000024b0acbc290 code [0x0000024b0acbc4a0, 0x0000024b0acbca28]
Event: 65.017 Thread 0x0000024b64023cc0 10622   !   3       java.util.concurrent.locks.LockSupport::parkNanos (56 bytes)
Event: 65.018 Thread 0x0000024b64023cc0 nmethod 10622 0x0000024b0acbcc10 code [0x0000024b0acbce20, 0x0000024b0acbd260]
Event: 85.666 Thread 0x0000024b64023cc0 10623       3       java.util.TaskQueue::getMin (7 bytes)
Event: 85.666 Thread 0x0000024b64023cc0 nmethod 10623 0x0000024b0acbd410 code [0x0000024b0acbd5c0, 0x0000024b0acbd6f8]
Event: 85.869 Thread 0x0000024b64023cc0 10624       3       java.util.concurrent.atomic.AtomicLong::weakCompareAndSetVolatile (13 bytes)
Event: 85.870 Thread 0x0000024b64023cc0 nmethod 10624 0x0000024b0acbd810 code [0x0000024b0acbd9c0, 0x0000024b0acbdb20]

GC Heap History (20 events):
Event: 24.650 GC heap before
{Heap before GC invocations=85 (full 3):
 PSYoungGen      total 7680K, used 7456K [0x00000000d5580000, 0x00000000d6600000, 0x0000000100000000)
  eden space 7168K, 100% used [0x00000000d5580000,0x00000000d5c80000,0x00000000d5c80000)
  from space 512K, 56% used [0x00000000d6500000,0x00000000d6548000,0x00000000d6580000)
  to   space 512K, 0% used [0x00000000d6580000,0x00000000d6580000,0x00000000d6600000)
 ParOldGen       total 150528K, used 86803K [0x0000000080000000, 0x0000000089300000, 0x00000000d5580000)
  object space 150528K, 57% used [0x0000000080000000,0x00000000854c4d08,0x0000000089300000)
 Metaspace       used 64470K, committed 65728K, reserved 1114112K
  class space    used 7364K, committed 7872K, reserved 1048576K
}
Event: 24.650 GC heap after
{Heap after GC invocations=85 (full 3):
 PSYoungGen      total 7680K, used 192K [0x00000000d5580000, 0x00000000d6600000, 0x0000000100000000)
  eden space 7168K, 0% used [0x00000000d5580000,0x00000000d5580000,0x00000000d5c80000)
  from space 512K, 37% used [0x00000000d6580000,0x00000000d65b0000,0x00000000d6600000)
  to   space 512K, 0% used [0x00000000d6500000,0x00000000d6500000,0x00000000d6580000)
 ParOldGen       total 150528K, used 86859K [0x0000000080000000, 0x0000000089300000, 0x00000000d5580000)
  object space 150528K, 57% used [0x0000000080000000,0x00000000854d2d08,0x0000000089300000)
 Metaspace       used 64470K, committed 65728K, reserved 1114112K
  class space    used 7364K, committed 7872K, reserved 1048576K
}
Event: 24.751 GC heap before
{Heap before GC invocations=86 (full 3):
 PSYoungGen      total 7680K, used 7360K [0x00000000d5580000, 0x00000000d6600000, 0x0000000100000000)
  eden space 7168K, 100% used [0x00000000d5580000,0x00000000d5c80000,0x00000000d5c80000)
  from space 512K, 37% used [0x00000000d6580000,0x00000000d65b0000,0x00000000d6600000)
  to   space 512K, 0% used [0x00000000d6500000,0x00000000d6500000,0x00000000d6580000)
 ParOldGen       total 150528K, used 86859K [0x0000000080000000, 0x0000000089300000, 0x00000000d5580000)
  object space 150528K, 57% used [0x0000000080000000,0x00000000854d2d08,0x0000000089300000)
 Metaspace       used 64470K, committed 65728K, reserved 1114112K
  class space    used 7364K, committed 7872K, reserved 1048576K
}
Event: 24.751 GC heap after
{Heap after GC invocations=86 (full 3):
 PSYoungGen      total 7680K, used 160K [0x00000000d5580000, 0x00000000d6600000, 0x0000000100000000)
  eden space 7168K, 0% used [0x00000000d5580000,0x00000000d5580000,0x00000000d5c80000)
  from space 512K, 31% used [0x00000000d6500000,0x00000000d6528000,0x00000000d6580000)
  to   space 512K, 0% used [0x00000000d6580000,0x00000000d6580000,0x00000000d6600000)
 ParOldGen       total 150528K, used 86875K [0x0000000080000000, 0x0000000089300000, 0x00000000d5580000)
  object space 150528K, 57% used [0x0000000080000000,0x00000000854d6d08,0x0000000089300000)
 Metaspace       used 64470K, committed 65728K, reserved 1114112K
  class space    used 7364K, committed 7872K, reserved 1048576K
}
Event: 24.845 GC heap before
{Heap before GC invocations=87 (full 3):
 PSYoungGen      total 7680K, used 7327K [0x00000000d5580000, 0x00000000d6600000, 0x0000000100000000)
  eden space 7168K, 99% used [0x00000000d5580000,0x00000000d5c7fff8,0x00000000d5c80000)
  from space 512K, 31% used [0x00000000d6500000,0x00000000d6528000,0x00000000d6580000)
  to   space 512K, 0% used [0x00000000d6580000,0x00000000d6580000,0x00000000d6600000)
 ParOldGen       total 150528K, used 86875K [0x0000000080000000, 0x0000000089300000, 0x00000000d5580000)
  object space 150528K, 57% used [0x0000000080000000,0x00000000854d6d08,0x0000000089300000)
 Metaspace       used 64769K, committed 66176K, reserved 1114112K
  class space    used 7402K, committed 8000K, reserved 1048576K
}
Event: 24.846 GC heap after
{Heap after GC invocations=87 (full 3):
 PSYoungGen      total 7680K, used 472K [0x00000000d5580000, 0x00000000d6600000, 0x0000000100000000)
  eden space 7168K, 0% used [0x00000000d5580000,0x00000000d5580000,0x00000000d5c80000)
  from space 512K, 92% used [0x00000000d6580000,0x00000000d65f61a8,0x00000000d6600000)
  to   space 1024K, 0% used [0x00000000d6400000,0x00000000d6400000,0x00000000d6500000)
 ParOldGen       total 150528K, used 86883K [0x0000000080000000, 0x0000000089300000, 0x00000000d5580000)
  object space 150528K, 57% used [0x0000000080000000,0x00000000854d8d08,0x0000000089300000)
 Metaspace       used 64769K, committed 66176K, reserved 1114112K
  class space    used 7402K, committed 8000K, reserved 1048576K
}
Event: 24.908 GC heap before
{Heap before GC invocations=88 (full 3):
 PSYoungGen      total 7680K, used 7640K [0x00000000d5580000, 0x00000000d6600000, 0x0000000100000000)
  eden space 7168K, 100% used [0x00000000d5580000,0x00000000d5c80000,0x00000000d5c80000)
  from space 512K, 92% used [0x00000000d6580000,0x00000000d65f61a8,0x00000000d6600000)
  to   space 1024K, 0% used [0x00000000d6400000,0x00000000d6400000,0x00000000d6500000)
 ParOldGen       total 150528K, used 86883K [0x0000000080000000, 0x0000000089300000, 0x00000000d5580000)
  object space 150528K, 57% used [0x0000000080000000,0x00000000854d8d08,0x0000000089300000)
 Metaspace       used 65230K, committed 66688K, reserved 1114112K
  class space    used 7453K, committed 8064K, reserved 1048576K
}
Event: 24.910 GC heap after
{Heap after GC invocations=88 (full 3):
 PSYoungGen      total 8192K, used 1008K [0x00000000d5580000, 0x00000000d6600000, 0x0000000100000000)
  eden space 7168K, 0% used [0x00000000d5580000,0x00000000d5580000,0x00000000d5c80000)
  from space 1024K, 98% used [0x00000000d6400000,0x00000000d64fc230,0x00000000d6500000)
  to   space 1024K, 0% used [0x00000000d6500000,0x00000000d6500000,0x00000000d6600000)
 ParOldGen       total 150528K, used 88696K [0x0000000080000000, 0x0000000089300000, 0x00000000d5580000)
  object space 150528K, 58% used [0x0000000080000000,0x000000008569e358,0x0000000089300000)
 Metaspace       used 65230K, committed 66688K, reserved 1114112K
  class space    used 7453K, committed 8064K, reserved 1048576K
}
Event: 24.952 GC heap before
{Heap before GC invocations=89 (full 3):
 PSYoungGen      total 8192K, used 8176K [0x00000000d5580000, 0x00000000d6600000, 0x0000000100000000)
  eden space 7168K, 100% used [0x00000000d5580000,0x00000000d5c80000,0x00000000d5c80000)
  from space 1024K, 98% used [0x00000000d6400000,0x00000000d64fc230,0x00000000d6500000)
  to   space 1024K, 0% used [0x00000000d6500000,0x00000000d6500000,0x00000000d6600000)
 ParOldGen       total 150528K, used 88696K [0x0000000080000000, 0x0000000089300000, 0x00000000d5580000)
  object space 150528K, 58% used [0x0000000080000000,0x000000008569e358,0x0000000089300000)
 Metaspace       used 65372K, committed 66752K, reserved 1114112K
  class space    used 7468K, committed 8064K, reserved 1048576K
}
Event: 24.955 GC heap after
{Heap after GC invocations=89 (full 3):
 PSYoungGen      total 8192K, used 1008K [0x00000000d5580000, 0x00000000d6a80000, 0x0000000100000000)
  eden space 7168K, 0% used [0x00000000d5580000,0x00000000d5580000,0x00000000d5c80000)
  from space 1024K, 98% used [0x00000000d6500000,0x00000000d65fc138,0x00000000d6600000)
  to   space 7168K, 0% used [0x00000000d5c80000,0x00000000d5c80000,0x00000000d6380000)
 ParOldGen       total 150528K, used 94133K [0x0000000080000000, 0x0000000089300000, 0x00000000d5580000)
  object space 150528K, 62% used [0x0000000080000000,0x0000000085bed550,0x0000000089300000)
 Metaspace       used 65372K, committed 66752K, reserved 1114112K
  class space    used 7468K, committed 8064K, reserved 1048576K
}
Event: 24.974 GC heap before
{Heap before GC invocations=90 (full 3):
 PSYoungGen      total 8192K, used 8176K [0x00000000d5580000, 0x00000000d6a80000, 0x0000000100000000)
  eden space 7168K, 99% used [0x00000000d5580000,0x00000000d5c7fff0,0x00000000d5c80000)
  from space 1024K, 98% used [0x00000000d6500000,0x00000000d65fc138,0x00000000d6600000)
  to   space 7168K, 0% used [0x00000000d5c80000,0x00000000d5c80000,0x00000000d6380000)
 ParOldGen       total 150528K, used 94133K [0x0000000080000000, 0x0000000089300000, 0x00000000d5580000)
  object space 150528K, 62% used [0x0000000080000000,0x0000000085bed550,0x0000000089300000)
 Metaspace       used 65453K, committed 66816K, reserved 1114112K
  class space    used 7478K, committed 8064K, reserved 1048576K
}
Event: 24.978 GC heap after
{Heap after GC invocations=90 (full 3):
 PSYoungGen      total 14336K, used 6509K [0x00000000d5580000, 0x00000000d6a80000, 0x0000000100000000)
  eden space 7168K, 0% used [0x00000000d5580000,0x00000000d5580000,0x00000000d5c80000)
  from space 7168K, 90% used [0x00000000d5c80000,0x00000000d62db4e0,0x00000000d6380000)
  to   space 7168K, 0% used [0x00000000d6380000,0x00000000d6380000,0x00000000d6a80000)
 ParOldGen       total 150528K, used 95157K [0x0000000080000000, 0x0000000089300000, 0x00000000d5580000)
  object space 150528K, 63% used [0x0000000080000000,0x0000000085ced730,0x0000000089300000)
 Metaspace       used 65453K, committed 66816K, reserved 1114112K
  class space    used 7478K, committed 8064K, reserved 1048576K
}
Event: 25.004 GC heap before
{Heap before GC invocations=91 (full 3):
 PSYoungGen      total 14336K, used 13677K [0x00000000d5580000, 0x00000000d6a80000, 0x0000000100000000)
  eden space 7168K, 100% used [0x00000000d5580000,0x00000000d5c80000,0x00000000d5c80000)
  from space 7168K, 90% used [0x00000000d5c80000,0x00000000d62db4e0,0x00000000d6380000)
  to   space 7168K, 0% used [0x00000000d6380000,0x00000000d6380000,0x00000000d6a80000)
 ParOldGen       total 150528K, used 95157K [0x0000000080000000, 0x0000000089300000, 0x00000000d5580000)
  object space 150528K, 63% used [0x0000000080000000,0x0000000085ced730,0x0000000089300000)
 Metaspace       used 65559K, committed 67008K, reserved 1114112K
  class space    used 7482K, committed 8128K, reserved 1048576K
}
Event: 25.010 GC heap after
{Heap after GC invocations=91 (full 3):
 PSYoungGen      total 13824K, used 6292K [0x00000000d5580000, 0x00000000d6a00000, 0x0000000100000000)
  eden space 7168K, 0% used [0x00000000d5580000,0x00000000d5580000,0x00000000d5c80000)
  from space 6656K, 94% used [0x00000000d6380000,0x00000000d69a50e0,0x00000000d6a00000)
  to   space 6656K, 0% used [0x00000000d5d00000,0x00000000d5d00000,0x00000000d6380000)
 ParOldGen       total 150528K, used 101454K [0x0000000080000000, 0x0000000089300000, 0x00000000d5580000)
  object space 150528K, 67% used [0x0000000080000000,0x00000000863138a8,0x0000000089300000)
 Metaspace       used 65559K, committed 67008K, reserved 1114112K
  class space    used 7482K, committed 8128K, reserved 1048576K
}
Event: 25.041 GC heap before
{Heap before GC invocations=92 (full 3):
 PSYoungGen      total 13824K, used 13460K [0x00000000d5580000, 0x00000000d6a00000, 0x0000000100000000)
  eden space 7168K, 99% used [0x00000000d5580000,0x00000000d5c7fff0,0x00000000d5c80000)
  from space 6656K, 94% used [0x00000000d6380000,0x00000000d69a50e0,0x00000000d6a00000)
  to   space 6656K, 0% used [0x00000000d5d00000,0x00000000d5d00000,0x00000000d6380000)
 ParOldGen       total 150528K, used 101454K [0x0000000080000000, 0x0000000089300000, 0x00000000d5580000)
  object space 150528K, 67% used [0x0000000080000000,0x00000000863138a8,0x0000000089300000)
 Metaspace       used 65775K, committed 67200K, reserved 1114112K
  class space    used 7509K, committed 8128K, reserved 1048576K
}
Event: 25.045 GC heap after
{Heap after GC invocations=92 (full 3):
 PSYoungGen      total 11776K, used 4384K [0x00000000d5580000, 0x00000000d6680000, 0x0000000100000000)
  eden space 7168K, 0% used [0x00000000d5580000,0x00000000d5580000,0x00000000d5c80000)
  from space 4608K, 95% used [0x00000000d5d00000,0x00000000d6148020,0x00000000d6180000)
  to   space 5120K, 0% used [0x00000000d6180000,0x00000000d6180000,0x00000000d6680000)
 ParOldGen       total 150528K, used 107496K [0x0000000080000000, 0x0000000089300000, 0x00000000d5580000)
  object space 150528K, 71% used [0x0000000080000000,0x00000000868fa370,0x0000000089300000)
 Metaspace       used 65775K, committed 67200K, reserved 1114112K
  class space    used 7509K, committed 8128K, reserved 1048576K
}
Event: 25.139 GC heap before
{Heap before GC invocations=93 (full 3):
 PSYoungGen      total 11776K, used 11552K [0x00000000d5580000, 0x00000000d6680000, 0x0000000100000000)
  eden space 7168K, 100% used [0x00000000d5580000,0x00000000d5c80000,0x00000000d5c80000)
  from space 4608K, 95% used [0x00000000d5d00000,0x00000000d6148020,0x00000000d6180000)
  to   space 5120K, 0% used [0x00000000d6180000,0x00000000d6180000,0x00000000d6680000)
 ParOldGen       total 150528K, used 107496K [0x0000000080000000, 0x0000000089300000, 0x00000000d5580000)
  object space 150528K, 71% used [0x0000000080000000,0x00000000868fa370,0x0000000089300000)
 Metaspace       used 66237K, committed 67712K, reserved 1114112K
  class space    used 7563K, committed 8192K, reserved 1048576K
}
Event: 25.142 GC heap after
{Heap after GC invocations=93 (full 3):
 PSYoungGen      total 8704K, used 1248K [0x00000000d5580000, 0x00000000d6300000, 0x0000000100000000)
  eden space 7168K, 0% used [0x00000000d5580000,0x00000000d5580000,0x00000000d5c80000)
  from space 1536K, 81% used [0x00000000d6180000,0x00000000d62b8040,0x00000000d6300000)
  to   space 2560K, 0% used [0x00000000d5e00000,0x00000000d5e00000,0x00000000d6080000)
 ParOldGen       total 150528K, used 111688K [0x0000000080000000, 0x0000000089300000, 0x00000000d5580000)
  object space 150528K, 74% used [0x0000000080000000,0x0000000086d123a0,0x0000000089300000)
 Metaspace       used 66237K, committed 67712K, reserved 1114112K
  class space    used 7563K, committed 8192K, reserved 1048576K
}
Event: 25.186 GC heap before
{Heap before GC invocations=94 (full 3):
 PSYoungGen      total 8704K, used 8416K [0x00000000d5580000, 0x00000000d6300000, 0x0000000100000000)
  eden space 7168K, 100% used [0x00000000d5580000,0x00000000d5c80000,0x00000000d5c80000)
  from space 1536K, 81% used [0x00000000d6180000,0x00000000d62b8040,0x00000000d6300000)
  to   space 2560K, 0% used [0x00000000d5e00000,0x00000000d5e00000,0x00000000d6080000)
 ParOldGen       total 150528K, used 111688K [0x0000000080000000, 0x0000000089300000, 0x00000000d5580000)
  object space 150528K, 74% used [0x0000000080000000,0x0000000086d123a0,0x0000000089300000)
 Metaspace       used 66308K, committed 67776K, reserved 1114112K
  class space    used 7569K, committed 8192K, reserved 1048576K
}
Event: 25.188 GC heap after
{Heap after GC invocations=94 (full 3):
 PSYoungGen      total 9728K, used 700K [0x00000000d5580000, 0x00000000d6200000, 0x0000000100000000)
  eden space 7168K, 0% used [0x00000000d5580000,0x00000000d5580000,0x00000000d5c80000)
  from space 2560K, 27% used [0x00000000d5e00000,0x00000000d5eaf348,0x00000000d6080000)
  to   space 1536K, 0% used [0x00000000d6080000,0x00000000d6080000,0x00000000d6200000)
 ParOldGen       total 150528K, used 112816K [0x0000000080000000, 0x0000000089300000, 0x00000000d5580000)
  object space 150528K, 74% used [0x0000000080000000,0x0000000086e2c3f0,0x0000000089300000)
 Metaspace       used 66308K, committed 67776K, reserved 1114112K
  class space    used 7569K, committed 8192K, reserved 1048576K
}

Dll operation events (13 events):
Event: 0.010 Loaded shared library c:\Users\ACER\.vscode\extensions\redhat.java-1.47.0-win32-x64\jre\21.0.8-win32-x86_64\bin\java.dll
Event: 0.074 Loaded shared library c:\Users\ACER\.vscode\extensions\redhat.java-1.47.0-win32-x64\jre\21.0.8-win32-x86_64\bin\zip.dll
Event: 0.093 Loaded shared library C:\Users\ACER\.vscode\extensions\redhat.java-1.47.0-win32-x64\jre\21.0.8-win32-x86_64\bin\instrument.dll
Event: 0.097 Loaded shared library C:\Users\ACER\.vscode\extensions\redhat.java-1.47.0-win32-x64\jre\21.0.8-win32-x86_64\bin\net.dll
Event: 0.099 Loaded shared library C:\Users\ACER\.vscode\extensions\redhat.java-1.47.0-win32-x64\jre\21.0.8-win32-x86_64\bin\nio.dll
Event: 0.103 Loaded shared library C:\Users\ACER\.vscode\extensions\redhat.java-1.47.0-win32-x64\jre\21.0.8-win32-x86_64\bin\zip.dll
Event: 0.124 Loaded shared library C:\Users\ACER\.vscode\extensions\redhat.java-1.47.0-win32-x64\jre\21.0.8-win32-x86_64\bin\jimage.dll
Event: 0.207 Loaded shared library c:\Users\ACER\.vscode\extensions\redhat.java-1.47.0-win32-x64\jre\21.0.8-win32-x86_64\bin\verify.dll
Event: 1.346 Loaded shared library C:\Users\ACER\AppData\Roaming\Code\User\globalStorage\redhat.java\1.47.0\config_win\org.eclipse.equinox.launcher\org.eclipse.equinox.launcher.win32.win32.x86_64_1.2.1400.v20250801-0854\eclipse_11916.dll
Event: 2.847 Loaded shared library C:\Users\ACER\AppData\Local\Temp\jna-2003023\jna3869971807375653875.dll
Event: 4.672 Loaded shared library C:\Users\ACER\.vscode\extensions\redhat.java-1.47.0-win32-x64\jre\21.0.8-win32-x86_64\bin\management.dll
Event: 4.676 Loaded shared library C:\Users\ACER\.vscode\extensions\redhat.java-1.47.0-win32-x64\jre\21.0.8-win32-x86_64\bin\management_ext.dll
Event: 22.695 Loaded shared library C:\Users\ACER\.gradle\native\1def1411415f61bf3af743bc5b6707747c0891f09f0c88961ee8f79bc544acac\windows-amd64\native-platform.dll

Deoptimization events (20 events):
Event: 31.177 Thread 0x0000024b649d1370 Uncommon trap: trap_request=0xffffff45 fr.pc=0x0000024b116c12cc relative=0x00000000000004cc
Event: 31.177 Thread 0x0000024b649d1370 Uncommon trap: reason=unstable_if action=reinterpret pc=0x0000024b116c12cc method=java.util.HashMap.putVal(ILjava/lang/Object;Ljava/lang/Object;ZZ)Ljava/lang/Object; @ 94 c2
Event: 31.177 Thread 0x0000024b649d1370 DEOPT PACKING pc=0x0000024b116c12cc sp=0x00000059751fea50
Event: 31.177 Thread 0x0000024b649d1370 DEOPT UNPACKING pc=0x0000024b10cf6da2 sp=0x00000059751fe9e8 mode 2
Event: 31.178 Thread 0x0000024b649d1370 Uncommon trap: trap_request=0xffffff45 fr.pc=0x0000024b116932d8 relative=0x0000000000000558
Event: 31.178 Thread 0x0000024b649d1370 Uncommon trap: reason=unstable_if action=reinterpret pc=0x0000024b116932d8 method=java.util.HashMap.removeNode(ILjava/lang/Object;Ljava/lang/Object;ZZ)Ljava/util/HashMap$Node; @ 62 c2
Event: 31.178 Thread 0x0000024b649d1370 DEOPT PACKING pc=0x0000024b116932d8 sp=0x00000059751fec70
Event: 31.178 Thread 0x0000024b649d1370 DEOPT UNPACKING pc=0x0000024b10cf6da2 sp=0x00000059751feb70 mode 2
Event: 31.187 Thread 0x0000024b649d1370 Uncommon trap: trap_request=0xffffff45 fr.pc=0x0000024b112dda28 relative=0x0000000000000148
Event: 31.187 Thread 0x0000024b649d1370 Uncommon trap: reason=unstable_if action=reinterpret pc=0x0000024b112dda28 method=java.util.HashMap.getNode(Ljava/lang/Object;)Ljava/util/HashMap$Node; @ 66 c2
Event: 31.187 Thread 0x0000024b649d1370 DEOPT PACKING pc=0x0000024b112dda28 sp=0x00000059751fec60
Event: 31.187 Thread 0x0000024b649d1370 DEOPT UNPACKING pc=0x0000024b10cf6da2 sp=0x00000059751feb70 mode 2
Event: 31.187 Thread 0x0000024b649d1370 Uncommon trap: trap_request=0xffffff45 fr.pc=0x0000024b112dbb28 relative=0x0000000000000148
Event: 31.187 Thread 0x0000024b649d1370 Uncommon trap: reason=unstable_if action=reinterpret pc=0x0000024b112dbb28 method=java.util.HashMap.getNode(Ljava/lang/Object;)Ljava/util/HashMap$Node; @ 66 c2
Event: 31.187 Thread 0x0000024b649d1370 DEOPT PACKING pc=0x0000024b112dbb28 sp=0x00000059751feb80
Event: 31.187 Thread 0x0000024b649d1370 DEOPT UNPACKING pc=0x0000024b10cf6da2 sp=0x00000059751feb00 mode 2
Event: 31.221 Thread 0x0000024b649d1370 Uncommon trap: trap_request=0xffffff45 fr.pc=0x0000024b1197dfcc relative=0x0000000000000d6c
Event: 31.221 Thread 0x0000024b649d1370 Uncommon trap: reason=unstable_if action=reinterpret pc=0x0000024b1197dfcc method=java.util.regex.Pattern.atom()Ljava/util/regex/Pattern$Node; @ 14 c2
Event: 31.221 Thread 0x0000024b649d1370 DEOPT PACKING pc=0x0000024b1197dfcc sp=0x00000059751fde40
Event: 31.221 Thread 0x0000024b649d1370 DEOPT UNPACKING pc=0x0000024b10cf6da2 sp=0x00000059751fde18 mode 2

Classes loaded (20 events):
Event: 31.220 Loading class sun/util/cldr/CLDRTimeZoneNameProviderImpl
Event: 31.220 Loading class sun/util/locale/provider/TimeZoneNameProviderImpl
Event: 31.220 Loading class sun/util/locale/provider/TimeZoneNameProviderImpl done
Event: 31.220 Loading class sun/util/cldr/CLDRTimeZoneNameProviderImpl done
Event: 31.222 Loading class sun/util/resources/cldr/TimeZoneNames
Event: 31.222 Loading class sun/util/resources/TimeZoneNamesBundle
Event: 31.222 Loading class sun/util/resources/OpenListResourceBundle
Event: 31.222 Loading class sun/util/resources/OpenListResourceBundle done
Event: 31.222 Loading class sun/util/resources/TimeZoneNamesBundle done
Event: 31.222 Loading class sun/util/resources/cldr/TimeZoneNames done
Event: 31.222 Loading class sun/util/resources/cldr/TimeZoneNames_en
Event: 31.224 Loading class sun/util/resources/cldr/TimeZoneNames_en done
Event: 31.225 Loading class sun/util/resources/cldr/TimeZoneNames_en_US
Event: 31.225 Loading class sun/util/resources/cldr/TimeZoneNames_en_US done
Event: 31.226 Loading class sun/util/cldr/CLDRBaseLocaleDataMetaInfo$TZCanonicalIDMapHolder
Event: 31.227 Loading class sun/util/cldr/CLDRBaseLocaleDataMetaInfo$TZCanonicalIDMapHolder done
Event: 31.229 Loading class sun/util/resources/TimeZoneNames
Event: 31.231 Loading class sun/util/resources/TimeZoneNames done
Event: 31.233 Loading class sun/util/resources/TimeZoneNames_en
Event: 31.233 Loading class sun/util/resources/TimeZoneNames_en done

Classes unloaded (15 events):
Event: 3.892 Thread 0x0000024b0663eac0 Unloading class 0x0000024b1e1aac00 'java/lang/invoke/LambdaForm$MH+0x0000024b1e1aac00'
Event: 3.892 Thread 0x0000024b0663eac0 Unloading class 0x0000024b1e1aa800 'java/lang/invoke/LambdaForm$MH+0x0000024b1e1aa800'
Event: 3.892 Thread 0x0000024b0663eac0 Unloading class 0x0000024b1e1aa400 'java/lang/invoke/LambdaForm$MH+0x0000024b1e1aa400'
Event: 3.892 Thread 0x0000024b0663eac0 Unloading class 0x0000024b1e1aa000 'java/lang/invoke/LambdaForm$MH+0x0000024b1e1aa000'
Event: 3.892 Thread 0x0000024b0663eac0 Unloading class 0x0000024b1e1a9c00 'java/lang/invoke/LambdaForm$BMH+0x0000024b1e1a9c00'
Event: 3.892 Thread 0x0000024b0663eac0 Unloading class 0x0000024b1e1a9800 'java/lang/invoke/LambdaForm$DMH+0x0000024b1e1a9800'
Event: 3.892 Thread 0x0000024b0663eac0 Unloading class 0x0000024b1e1a8400 'java/lang/invoke/LambdaForm$DMH+0x0000024b1e1a8400'
Event: 5.032 Thread 0x0000024b0663eac0 Unloading class 0x0000024b1e395800 'java/lang/invoke/LambdaForm$MH+0x0000024b1e395800'
Event: 5.032 Thread 0x0000024b0663eac0 Unloading class 0x0000024b1e395400 'java/lang/invoke/LambdaForm$DMH+0x0000024b1e395400'
Event: 5.032 Thread 0x0000024b0663eac0 Unloading class 0x0000024b1e394000 'java/lang/invoke/LambdaForm$MH+0x0000024b1e394000'
Event: 5.032 Thread 0x0000024b0663eac0 Unloading class 0x0000024b1e38f800 'java/lang/invoke/LambdaForm$MH+0x0000024b1e38f800'
Event: 5.032 Thread 0x0000024b0663eac0 Unloading class 0x0000024b1e38e800 'java/lang/invoke/LambdaForm$MH+0x0000024b1e38e800'
Event: 5.032 Thread 0x0000024b0663eac0 Unloading class 0x0000024b1e38e400 'java/lang/invoke/LambdaForm$MH+0x0000024b1e38e400'
Event: 5.032 Thread 0x0000024b0663eac0 Unloading class 0x0000024b1e38d800 'java/lang/invoke/LambdaForm$MH+0x0000024b1e38d800'
Event: 5.032 Thread 0x0000024b0663eac0 Unloading class 0x0000024b1e38d000 'java/lang/invoke/LambdaForm$MH+0x0000024b1e38d000'

Classes redefined (0 events):
No events

Internal exceptions (20 events):
Event: 25.183 Thread 0x0000024b64486410 Exception <a 'sun/nio/fs/WindowsException'{0x00000000d5bd6e50}> (0x00000000d5bd6e50) 
thrown [s\src\hotspot\share\prims\jni.cpp, line 520]
Event: 25.183 Thread 0x0000024b64486410 Exception <a 'sun/nio/fs/WindowsException'{0x00000000d5be1bd0}> (0x00000000d5be1bd0) 
thrown [s\src\hotspot\share\prims\jni.cpp, line 520]
Event: 25.191 Thread 0x0000024b64488b70 Exception <a 'sun/nio/fs/WindowsException'{0x00000000d5604408}> (0x00000000d5604408) 
thrown [s\src\hotspot\share\prims\jni.cpp, line 520]
Event: 25.191 Thread 0x0000024b64488b70 Exception <a 'sun/nio/fs/WindowsException'{0x00000000d5604e00}> (0x00000000d5604e00) 
thrown [s\src\hotspot\share\prims\jni.cpp, line 520]
Event: 25.192 Thread 0x0000024b64488b70 Exception <a 'sun/nio/fs/WindowsException'{0x00000000d56246b0}> (0x00000000d56246b0) 
thrown [s\src\hotspot\share\prims\jni.cpp, line 520]
Event: 25.192 Thread 0x0000024b64488b70 Exception <a 'sun/nio/fs/WindowsException'{0x00000000d5625088}> (0x00000000d5625088) 
thrown [s\src\hotspot\share\prims\jni.cpp, line 520]
Event: 25.193 Thread 0x0000024b64488b70 Exception <a 'sun/nio/fs/WindowsException'{0x00000000d562d9c8}> (0x00000000d562d9c8) 
thrown [s\src\hotspot\share\prims\jni.cpp, line 520]
Event: 25.193 Thread 0x0000024b64488b70 Exception <a 'sun/nio/fs/WindowsException'{0x00000000d562e3a0}> (0x00000000d562e3a0) 
thrown [s\src\hotspot\share\prims\jni.cpp, line 520]
Event: 25.221 Thread 0x0000024b64486410 Exception <a 'sun/nio/fs/WindowsException'{0x00000000d57eb148}> (0x00000000d57eb148) 
thrown [s\src\hotspot\share\prims\jni.cpp, line 520]
Event: 25.221 Thread 0x0000024b64486410 Exception <a 'sun/nio/fs/WindowsException'{0x00000000d57ebb20}> (0x00000000d57ebb20) 
thrown [s\src\hotspot\share\prims\jni.cpp, line 520]
Event: 25.221 Thread 0x0000024b64486410 Exception <a 'sun/nio/fs/WindowsException'{0x00000000d57ecb48}> (0x00000000d57ecb48) 
thrown [s\src\hotspot\share\prims\jni.cpp, line 520]
Event: 25.221 Thread 0x0000024b64486410 Exception <a 'sun/nio/fs/WindowsException'{0x00000000d57ed790}> (0x00000000d57ed790) 
thrown [s\src\hotspot\share\prims\jni.cpp, line 520]
Event: 25.222 Thread 0x0000024b64486410 Exception <a 'sun/nio/fs/WindowsException'{0x00000000d57ef1b0}> (0x00000000d57ef1b0) 
thrown [s\src\hotspot\share\prims\jni.cpp, line 520]
Event: 25.222 Thread 0x0000024b64486410 Exception <a 'sun/nio/fs/WindowsException'{0x00000000d57efb88}> (0x00000000d57efb88) 
thrown [s\src\hotspot\share\prims\jni.cpp, line 520]
Event: 25.237 Thread 0x0000024b64486410 Exception <a 'sun/nio/fs/WindowsException'{0x00000000d5892df0}> (0x00000000d5892df0) 
thrown [s\src\hotspot\share\prims\jni.cpp, line 520]
Event: 25.237 Thread 0x0000024b64486410 Exception <a 'sun/nio/fs/WindowsException'{0x00000000d58937c8}> (0x00000000d58937c8) 
thrown [s\src\hotspot\share\prims\jni.cpp, line 520]
Event: 25.237 Thread 0x0000024b64486410 Exception <a 'sun/nio/fs/WindowsException'{0x00000000d58947f0}> (0x00000000d58947f0) 
thrown [s\src\hotspot\share\prims\jni.cpp, line 520]
Event: 25.238 Thread 0x0000024b64486410 Exception <a 'sun/nio/fs/WindowsException'{0x00000000d5895418}> (0x00000000d5895418) 
thrown [s\src\hotspot\share\prims\jni.cpp, line 520]
Event: 25.239 Thread 0x0000024b64486410 Exception <a 'sun/nio/fs/WindowsException'{0x00000000d5896dd8}> (0x00000000d5896dd8) 
thrown [s\src\hotspot\share\prims\jni.cpp, line 520]
Event: 25.239 Thread 0x0000024b64486410 Exception <a 'sun/nio/fs/WindowsException'{0x00000000d58977b0}> (0x00000000d58977b0) 
thrown [s\src\hotspot\share\prims\jni.cpp, line 520]

ZGC Phase Switch (0 events):
No events

VM Operations (20 events):
Event: 25.041 Executing VM operation: ParallelGCFailedAllocation (Allocation Failure)
Event: 25.045 Executing VM operation: ParallelGCFailedAllocation (Allocation Failure) done
Event: 25.050 Executing VM operation: HandshakeAllThreads (Deoptimize)
Event: 25.050 Executing VM operation: HandshakeAllThreads (Deoptimize) done
Event: 25.139 Executing VM operation: ParallelGCFailedAllocation (Allocation Failure)
Event: 25.142 Executing VM operation: ParallelGCFailedAllocation (Allocation Failure) done
Event: 25.186 Executing VM operation: ParallelGCFailedAllocation (Allocation Failure)
Event: 25.188 Executing VM operation: ParallelGCFailedAllocation (Allocation Failure) done
Event: 26.189 Executing VM operation: Cleanup
Event: 26.189 Executing VM operation: Cleanup done
Event: 31.200 Executing VM operation: Cleanup
Event: 31.201 Executing VM operation: Cleanup done
Event: 32.201 Executing VM operation: Cleanup
Event: 32.202 Executing VM operation: Cleanup done
Event: 35.211 Executing VM operation: Cleanup
Event: 35.211 Executing VM operation: Cleanup done
Event: 60.178 Executing VM operation: HandshakeAllThreads (HandshakeForDeflation)
Event: 60.178 Executing VM operation: HandshakeAllThreads (HandshakeForDeflation) done
Event: 60.178 Executing VM operation: RendezvousGCThreads
Event: 60.178 Executing VM operation: RendezvousGCThreads done

Memory protections (0 events):
No events

Nmethod flushes (20 events):
Event: 22.512 Thread 0x0000024b0663eac0 flushing  nmethod 0x0000024b09fdff10
Event: 22.512 Thread 0x0000024b0663eac0 flushing  nmethod 0x0000024b09fe0890
Event: 22.512 Thread 0x0000024b0663eac0 flushing  nmethod 0x0000024b09fe5b10
Event: 22.512 Thread 0x0000024b0663eac0 flushing  nmethod 0x0000024b09fe6f90
Event: 22.512 Thread 0x0000024b0663eac0 flushing  nmethod 0x0000024b09ffc810
Event: 22.512 Thread 0x0000024b0663eac0 flushing  nmethod 0x0000024b09ffce10
Event: 22.512 Thread 0x0000024b0663eac0 flushing  nmethod 0x0000024b09ffd690
Event: 22.512 Thread 0x0000024b0663eac0 flushing  nmethod 0x0000024b09ffdd90
Event: 22.512 Thread 0x0000024b0663eac0 flushing  nmethod 0x0000024b0a000a90
Event: 22.512 Thread 0x0000024b0663eac0 flushing  nmethod 0x0000024b0a01de90
Event: 22.512 Thread 0x0000024b0663eac0 flushing  nmethod 0x0000024b0a01e490
Event: 22.512 Thread 0x0000024b0663eac0 flushing  nmethod 0x0000024b0a051a90
Event: 22.512 Thread 0x0000024b0663eac0 flushing  nmethod 0x0000024b0a052f90
Event: 22.512 Thread 0x0000024b0663eac0 flushing  nmethod 0x0000024b0a072890
Event: 22.512 Thread 0x0000024b0663eac0 flushing osr nmethod 0x0000024b0a079490
Event: 22.512 Thread 0x0000024b0663eac0 flushing  nmethod 0x0000024b0a07d410
Event: 22.512 Thread 0x0000024b0663eac0 flushing  nmethod 0x0000024b0a07ef10
Event: 22.512 Thread 0x0000024b0663eac0 flushing  nmethod 0x0000024b0a080810
Event: 22.512 Thread 0x0000024b0663eac0 flushing  nmethod 0x0000024b0a08c910
Event: 22.512 Thread 0x0000024b0663eac0 flushing  nmethod 0x0000024b0a08e990

Events (20 events):
Event: 24.885 Thread 0x0000024b64488b70 Thread added: 0x0000024b64489200
Event: 24.888 Thread 0x0000024b64488b70 Thread added: 0x0000024b64485d80
Event: 24.891 Thread 0x0000024b64489200 Thread added: 0x0000024b64489890
Event: 24.892 Thread 0x0000024b64485d80 Thread added: 0x0000024b64486410
Event: 24.892 Thread 0x0000024b64486410 Thread added: 0x0000024b64489f20
Event: 24.893 Thread 0x0000024b68921f80 Thread added: 0x0000024b6448a5b0
Event: 24.896 Thread 0x0000024b644856f0 Thread added: 0x0000024b644877c0
Event: 24.908 Thread 0x0000024b64489f20 Thread added: 0x0000024b6448c680
Event: 25.166 Thread 0x0000024b64023cc0 Thread added: 0x0000024b642e5130
Event: 30.473 Thread 0x0000024b642e5130 Thread exited: 0x0000024b642e5130
Event: 31.192 Thread 0x0000024b64023cc0 Thread added: 0x0000024b642e5130
Event: 36.241 Thread 0x0000024b642e5130 Thread exited: 0x0000024b642e5130
Event: 36.246 Thread 0x0000024b64089e40 Thread exited: 0x0000024b64089e40
Event: 79.581 Thread 0x0000024b678b3a50 Thread exited: 0x0000024b678b3a50
Event: 81.044 Thread 0x0000024b680eb5f0 Thread exited: 0x0000024b680eb5f0
Event: 81.044 Thread 0x0000024b680e9520 Thread exited: 0x0000024b680e9520
Event: 85.244 Thread 0x0000024b64486410 Thread exited: 0x0000024b64486410
Event: 85.869 Thread 0x0000024b657ddca0 Thread exited: 0x0000024b657ddca0
Event: 85.870 Thread 0x0000024b657dd610 Thread exited: 0x0000024b657dd610
Event: 85.919 Thread 0x0000024b657dc8f0 Thread exited: 0x0000024b657dc8f0


Dynamic libraries:
0x00007ff67a0c0000 - 0x00007ff67a0ce000 	c:\Users\ACER\.vscode\extensions\redhat.java-1.47.0-win32-x64\jre\21.0.8-win32-x86_64\bin\java.exe
0x00007ffbc8a60000 - 0x00007ffbc8cc8000 	C:\WINDOWS\SYSTEM32\ntdll.dll
0x00007ffbc75b0000 - 0x00007ffbc7679000 	C:\WINDOWS\System32\KERNEL32.DLL
0x00007ffbc5c60000 - 0x00007ffbc6058000 	C:\WINDOWS\System32\KERNELBASE.dll
0x00007ffbc6060000 - 0x00007ffbc61ab000 	C:\WINDOWS\System32\ucrtbase.dll
0x00007ffba56f0000 - 0x00007ffba570e000 	c:\Users\ACER\.vscode\extensions\redhat.java-1.47.0-win32-x64\jre\21.0.8-win32-x86_64\bin\VCRUNTIME140.dll
0x00007ffba5710000 - 0x00007ffba5728000 	c:\Users\ACER\.vscode\extensions\redhat.java-1.47.0-win32-x64\jre\21.0.8-win32-x86_64\bin\jli.dll
0x00007ffbc7760000 - 0x00007ffbc7927000 	C:\WINDOWS\System32\USER32.dll
0x00007ffbc6460000 - 0x00007ffbc6487000 	C:\WINDOWS\System32\win32u.dll
0x00007ffbc89e0000 - 0x00007ffbc8a0b000 	C:\WINDOWS\System32\GDI32.dll
0x00007ffbc6330000 - 0x00007ffbc645c000 	C:\WINDOWS\System32\gdi32full.dll
0x00007ffbab1d0000 - 0x00007ffbab464000 	C:\WINDOWS\WinSxS\amd64_microsoft.windows.common-controls_6595b64144ccf1df_6.0.26100.7019_none_3e06ffa0e335b8a8\COMCTL32.dll
0x00007ffbc5bb0000 - 0x00007ffbc5c53000 	C:\WINDOWS\System32\msvcp_win.dll
0x00007ffbc8270000 - 0x00007ffbc8319000 	C:\WINDOWS\System32\msvcrt.dll
0x00007ffbc8230000 - 0x00007ffbc8261000 	C:\WINDOWS\System32\IMM32.DLL
0x00007ffbb7c60000 - 0x00007ffbb7c6c000 	c:\Users\ACER\.vscode\extensions\redhat.java-1.47.0-win32-x64\jre\21.0.8-win32-x86_64\bin\vcruntime140_1.dll
0x00007ffba4c70000 - 0x00007ffba4cfd000 	c:\Users\ACER\.vscode\extensions\redhat.java-1.47.0-win32-x64\jre\21.0.8-win32-x86_64\bin\msvcp140.dll
0x00007ffb28070000 - 0x00007ffb28e07000 	c:\Users\ACER\.vscode\extensions\redhat.java-1.47.0-win32-x64\jre\21.0.8-win32-x86_64\bin\server\jvm.dll
0x00007ffbc6810000 - 0x00007ffbc68c4000 	C:\WINDOWS\System32\ADVAPI32.dll
0x00007ffbc8820000 - 0x00007ffbc88c6000 	C:\WINDOWS\System32\sechost.dll
0x00007ffbc7930000 - 0x00007ffbc7a48000 	C:\WINDOWS\System32\RPCRT4.dll
0x00007ffbc6a20000 - 0x00007ffbc6a94000 	C:\WINDOWS\System32\WS2_32.dll
0x00007ffbc47f0000 - 0x00007ffbc484e000 	C:\WINDOWS\SYSTEM32\POWRPROF.dll
0x00007ffbba610000 - 0x00007ffbba61b000 	C:\WINDOWS\SYSTEM32\VERSION.dll
0x00007ffbb65c0000 - 0x00007ffbb65f5000 	C:\WINDOWS\SYSTEM32\WINMM.dll
0x00007ffbc47d0000 - 0x00007ffbc47e4000 	C:\WINDOWS\SYSTEM32\UMPDC.dll
0x00007ffbc4a90000 - 0x00007ffbc4aab000 	C:\WINDOWS\SYSTEM32\kernel.appcore.dll
0x00007ffba56e0000 - 0x00007ffba56ea000 	c:\Users\ACER\.vscode\extensions\redhat.java-1.47.0-win32-x64\jre\21.0.8-win32-x86_64\bin\jimage.dll
0x00007ffbc3500000 - 0x00007ffbc3742000 	C:\WINDOWS\SYSTEM32\DBGHELP.DLL
0x00007ffbc6ad0000 - 0x00007ffbc6e5b000 	C:\WINDOWS\System32\combase.dll
0x00007ffbc7680000 - 0x00007ffbc7757000 	C:\WINDOWS\System32\OLEAUT32.dll
0x00007ffbabdb0000 - 0x00007ffbabdec000 	C:\WINDOWS\SYSTEM32\dbgcore.DLL
0x00007ffbc65e0000 - 0x00007ffbc6685000 	C:\WINDOWS\System32\bcryptPrimitives.dll
0x00007ffba56d0000 - 0x00007ffba56df000 	c:\Users\ACER\.vscode\extensions\redhat.java-1.47.0-win32-x64\jre\21.0.8-win32-x86_64\bin\instrument.dll
0x00007ffba56b0000 - 0x00007ffba56cf000 	c:\Users\ACER\.vscode\extensions\redhat.java-1.47.0-win32-x64\jre\21.0.8-win32-x86_64\bin\java.dll
0x00007ffbc7a50000 - 0x00007ffbc819f000 	C:\WINDOWS\System32\SHELL32.dll
0x00007ffbc6690000 - 0x00007ffbc67fb000 	C:\WINDOWS\System32\wintypes.dll
0x00007ffbc3830000 - 0x00007ffbc408d000 	C:\WINDOWS\SYSTEM32\windows.storage.dll
0x00007ffbc88e0000 - 0x00007ffbc89d2000 	C:\WINDOWS\System32\SHCORE.dll
0x00007ffbc6f40000 - 0x00007ffbc6fa7000 	C:\WINDOWS\System32\shlwapi.dll
0x00007ffbc5ad0000 - 0x00007ffbc5af9000 	C:\WINDOWS\SYSTEM32\profapi.dll
0x00007ffbbe0f0000 - 0x00007ffbbe108000 	c:\Users\ACER\.vscode\extensions\redhat.java-1.47.0-win32-x64\jre\21.0.8-win32-x86_64\bin\zip.dll
0x00007ffbbdf40000 - 0x00007ffbbdf50000 	C:\Users\ACER\.vscode\extensions\redhat.java-1.47.0-win32-x64\jre\21.0.8-win32-x86_64\bin\net.dll
0x00007ffbbb540000 - 0x00007ffbbb668000 	C:\WINDOWS\SYSTEM32\WINHTTP.dll
0x00007ffbc5000000 - 0x00007ffbc506b000 	C:\WINDOWS\system32\mswsock.dll
0x00007ffbbdf20000 - 0x00007ffbbdf36000 	C:\Users\ACER\.vscode\extensions\redhat.java-1.47.0-win32-x64\jre\21.0.8-win32-x86_64\bin\nio.dll
0x00007ffbbdf10000 - 0x00007ffbbdf20000 	c:\Users\ACER\.vscode\extensions\redhat.java-1.47.0-win32-x64\jre\21.0.8-win32-x86_64\bin\verify.dll
0x00007ffb90660000 - 0x00007ffb906a4000 	C:\Users\ACER\AppData\Roaming\Code\User\globalStorage\redhat.java\1.47.0\config_win\org.eclipse.equinox.launcher\org.eclipse.equinox.launcher.win32.win32.x86_64_1.2.1400.v20250801-0854\eclipse_11916.dll
0x00007ffbc8440000 - 0x00007ffbc85d7000 	C:\WINDOWS\System32\ole32.dll
0x00007ffbc52c0000 - 0x00007ffbc52db000 	C:\WINDOWS\SYSTEM32\CRYPTSP.dll
0x00007ffbc49f0000 - 0x00007ffbc4a2a000 	C:\WINDOWS\system32\rsaenh.dll
0x00007ffbc50b0000 - 0x00007ffbc50db000 	C:\WINDOWS\SYSTEM32\USERENV.dll
0x00007ffbc5aa0000 - 0x00007ffbc5aca000 	C:\WINDOWS\SYSTEM32\bcrypt.dll
0x00007ffbc52e0000 - 0x00007ffbc52ec000 	C:\WINDOWS\SYSTEM32\CRYPTBASE.dll
0x00007ffbc4410000 - 0x00007ffbc4444000 	C:\WINDOWS\SYSTEM32\IPHLPAPI.DLL
0x00007ffbc8a10000 - 0x00007ffbc8a1a000 	C:\WINDOWS\System32\NSI.dll
0x00007ffbb62e0000 - 0x00007ffbb6329000 	C:\Users\ACER\AppData\Local\Temp\jna-2003023\jna3869971807375653875.dll
0x00007ffbc88d0000 - 0x00007ffbc88d8000 	C:\WINDOWS\System32\PSAPI.DLL
0x00007ffbbdf00000 - 0x00007ffbbdf0a000 	C:\Users\ACER\.vscode\extensions\redhat.java-1.47.0-win32-x64\jre\21.0.8-win32-x86_64\bin\management.dll
0x00007ffbbdef0000 - 0x00007ffbbdefb000 	C:\Users\ACER\.vscode\extensions\redhat.java-1.47.0-win32-x64\jre\21.0.8-win32-x86_64\bin\management_ext.dll
0x00007ffbbb7b0000 - 0x00007ffbbb7ce000 	C:\WINDOWS\SYSTEM32\dhcpcsvc6.DLL
0x00007ffbbb4a0000 - 0x00007ffbbb4c3000 	C:\WINDOWS\SYSTEM32\dhcpcsvc.DLL
0x00007ffbbc160000 - 0x00007ffbbc187000 	C:\Users\ACER\.gradle\native\1def1411415f61bf3af743bc5b6707747c0891f09f0c88961ee8f79bc544acac\windows-amd64\native-platform.dll

JVMTI agents:
c:\Users\ACER\.vscode\extensions\redhat.java-1.47.0-win32-x64\lombok\lombok-1.18.39-4050.jar path:c:\Users\ACER\.vscode\extensions\redhat.java-1.47.0-win32-x64\jre\21.0.8-win32-x86_64\bin\instrument.dll, loaded, initialized, instrumentlib options:none

dbghelp: loaded successfully - version: 4.0.5 - missing functions: none
symbol engine: initialized successfully - sym options: 0x614 - pdb path: .;c:\Users\ACER\.vscode\extensions\redhat.java-1.47.0-win32-x64\jre\21.0.8-win32-x86_64\bin;C:\WINDOWS\SYSTEM32;C:\WINDOWS\WinSxS\amd64_microsoft.windows.common-controls_6595b64144ccf1df_6.0.26100.7019_none_3e06ffa0e335b8a8;c:\Users\ACER\.vscode\extensions\redhat.java-1.47.0-win32-x64\jre\21.0.8-win32-x86_64\bin\server;C:\Users\ACER\AppData\Roaming\Code\User\globalStorage\redhat.java\1.47.0\config_win\org.eclipse.equinox.launcher\org.eclipse.equinox.launcher.win32.win32.x86_64_1.2.1400.v20250801-0854;C:\Users\ACER\AppData\Local\Temp\jna-2003023;C:\Users\ACER\.gradle\native\1def1411415f61bf3af743bc5b6707747c0891f09f0c88961ee8f79bc544acac\windows-amd64

VM Arguments:
jvm_args: --add-modules=ALL-SYSTEM --add-opens=java.base/java.util=ALL-UNNAMED --add-opens=java.base/java.lang=ALL-UNNAMED --add-opens=java.base/sun.nio.fs=ALL-UNNAMED -Declipse.application=org.eclipse.jdt.ls.core.id1 -Dosgi.bundles.defaultStartLevel=4 -Declipse.product=org.eclipse.jdt.ls.core.product -Djava.import.generatesMetadataFilesAtProjectRoot=false -DDetectVMInstallationsJob.disabled=true -Dfile.encoding=utf8 -XX:+UseParallelGC -XX:GCTimeRatio=4 -XX:AdaptiveSizePolicyWeight=90 -Dsun.zip.disableMemoryMapping=true -Xmx2G -Xms100m -Xlog:disable -javaagent:c:\Users\ACER\.vscode\extensions\redhat.java-1.47.0-win32-x64\lombok\lombok-1.18.39-4050.jar -XX:+HeapDumpOnOutOfMemoryError -XX:HeapDumpPath=c:\Users\ACER\AppData\Roaming\Code\User\workspaceStorage\28a43a16ab2bd5f335c8d6653351ac8b\redhat.java -Daether.dependencyCollector.impl=bf 
java_command: c:\Users\ACER\.vscode\extensions\redhat.java-1.47.0-win32-x64\server\plugins\org.eclipse.equinox.launcher_1.7.100.v20251014-1222.jar -configuration c:\Users\ACER\AppData\Roaming\Code\User\globalStorage\redhat.java\1.47.0\config_win -data c:\Users\ACER\AppData\Roaming\Code\User\workspaceStorage\28a43a16ab2bd5f335c8d6653351ac8b\redhat.java\jdt_ws --pipe=\\.\pipe\lsp-267287d3cee80e5a413c8672c9aef67e-sock
java_class_path (initial): c:\Users\ACER\.vscode\extensions\redhat.java-1.47.0-win32-x64\server\plugins\org.eclipse.equinox.launcher_1.7.100.v20251014-1222.jar
Launcher Type: SUN_STANDARD

[Global flags]
    uintx AdaptiveSizePolicyWeight                 = 90                                        {product} {command line}
     intx CICompilerCount                          = 4                                         {product} {ergonomic}
    uintx GCTimeRatio                              = 4                                         {product} {command line}
     bool HeapDumpOnOutOfMemoryError               = true                                   {manageable} {command line}
    ccstr HeapDumpPath                             = c:\Users\ACER\AppData\Roaming\Code\User\workspaceStorage\28a43a16ab2bd5f335c8d6653351ac8b\redhat.java         {manageable} {command line}
   size_t InitialHeapSize                          = 104857600                                 {product} {command line}
   size_t MaxHeapSize                              = 2147483648                                {product} {command line}
   size_t MaxNewSize                               = 715653120                                 {product} {ergonomic}
   size_t MinHeapDeltaBytes                        = 524288                                    {product} {ergonomic}
   size_t MinHeapSize                              = 104857600                                 {product} {command line}
   size_t NewSize                                  = 34603008                                  {product} {ergonomic}
    uintx NonNMethodCodeHeapSize                   = 5839372                                {pd product} {ergonomic}
    uintx NonProfiledCodeHeapSize                  = 122909434                              {pd product} {ergonomic}
   size_t OldSize                                  = 70254592                                  {product} {ergonomic}
    uintx ProfiledCodeHeapSize                     = 122909434                              {pd product} {ergonomic}
    uintx ReservedCodeCacheSize                    = 251658240                              {pd product} {ergonomic}
     bool SegmentedCodeCache                       = true                                      {product} {ergonomic}
   size_t SoftMaxHeapSize                          = 2147483648                             {manageable} {ergonomic}
     bool UseCompressedOops                        = true                           {product lp64_product} {ergonomic}
     bool UseLargePagesIndividualAllocation        = false                                  {pd product} {ergonomic}
     bool UseParallelGC                            = true                                      {product} {command line}

Logging:
Log output configuration:
 #0: stdout all=off uptime,level,tags foldmultilines=false
 #1: stderr all=off uptime,level,tags foldmultilines=false

Environment Variables:
JAVA_HOME=D:\Program Files\Eclipse\Adoptium\jdk-17.0.8.101-hotspot
PATH=D:\Program Files\Eclipse\Adoptium\jdk-17.0.8.101-hotspot\bin;D:\Program Files\Eclipse\Adoptium\jre-17.0.8.101-hotspot\bin;C:\Python314\Scripts\;C:\Python314\;C:\Python312\Scripts\;C:\Python312\;C:\Program Files\Common Files\Oracle\Java\javapath;C:\ProgramData\Oracle\Java\javapath;C:\Program Files (x86)\Common Files\Intel\Shared Libraries\redist\intel64\compiler;C:\Windows\system32;C:\Windows;C:\Windows\System32\Wbem;C:\Windows\System32\WindowsPowerShell\v1.0\;C:\Windows\System32\OpenSSH\;C:\Program Files (x86)\NVIDIA Corporation\PhysX\Common;C:\Program Files\NVIDIA Corporation\NVIDIA NvDLISR;C:\Program Files\Git\cmd;C:\Program Files\dotnet\;C:\WINDOWS\system32;C:\WINDOWS;C:\WINDOWS\System32\Wbem;C:\WINDOWS\System32\WindowsPowerShell\v1.0\;C:\WINDOWS\System32\OpenSSH\;C:\msys64\ucrt64;C:\msys64\ucrt64\bin;C:\MinGW\bin;C:\ProgramData\chocolatey\bin;D:\xampp\php;C:\ProgramData\ComposerSetup\bin;D:\Program Files\NodeJS\;C:\Users\ACER\AppData\Local\Microsoft\WindowsApps;C:\Users\ACER\AppData\Local\spicetify;C:\msys64\mingw64\bin;C:\MinGW\bin;C:\msys64\mingw64;C:\Users\ACER\AppData\Local\Microsoft\WinGet\Links;C:\Users\ACER\AppData\Local\Microsoft\WindowsApps;D:\Microsoft VS Code\bin;C:\Users\ACER\AppData\Roaming\Composer\vendor\bin;D:\xampp\php;C:\Users\ACER\AppData\Roaming\npm;D:\npm-global;D:\npm-global\bin;D:\Android\Sdk\platform-tools;D:\Android\Sdk\tools;D:\Android\Sdk\tools\bin;D:\Android\Sdk\emulator;D:\Android\Sdk\platform-tools;D:\Android\Sdk\emulator;D:\Android\Sdk\tools;
USERNAME=ACER
OS=Windows_NT
PROCESSOR_IDENTIFIER=Intel64 Family 6 Model 141 Stepping 1, GenuineIntel
TMP=C:\Users\ACER\AppData\Local\Temp
TEMP=C:\Users\ACER\AppData\Local\Temp




Periodic native trim disabled

---------------  S Y S T E M  ---------------

OS:
 Windows 11 , 64 bit Build 26100 (10.0.26100.7019)
OS uptime: 0 days 1:56 hours

CPU: total 12 (initial active 12) (6 cores per cpu, 2 threads per core) family 6 model 141 stepping 1 microcode 0x3c, cx8, cmov, fxsr, ht, mmx, 3dnowpref, sse, sse2, sse3, ssse3, sse4.1, sse4.2, popcnt, lzcnt, tsc, tscinvbit, avx, avx2, aes, erms, clmul, bmi1, bmi2, adx, avx512f, avx512dq, avx512cd, avx512bw, avx512vl, sha, fma, vzeroupper, avx512_vpopcntdq, avx512_vpclmulqdq, avx512_vaes, avx512_vnni, clflush, clflushopt, clwb, avx512_vbmi2, avx512_vbmi, rdtscp, rdpid, fsrm, gfni, avx512_bitalg, f16c, pku, cet_ibt, cet_ss, avx512_ifma
Processor Information for the first 12 processors :
  Max Mhz: 2688, Current Mhz: 2688, Mhz Limit: 2688

Memory: 4k page, system-wide physical 16163M (1065M free)
TotalPageFile size 24355M (AvailPageFile size 176M)
current process WorkingSet (physical memory assigned to process): 370M, peak: 409M
current process commit charge ("private bytes"): 442M, peak: 482M

vm_info: OpenJDK 64-Bit Server VM (21.0.8+9-LTS) for windows-amd64 JRE (21.0.8+9-LTS), built on 2025-07-15T00:00:00Z by "admin" with MS VC++ 17.7 (VS2022)

END.
