#
# There is insufficient memory for the Java Runtime Environment to continue.
# Native memory allocation (malloc) failed to allocate 1836224 bytes. Error detail: Chunk::new
# Possible reasons:
#   The system is out of physical RAM or swap space
#   This process is running with CompressedOops enabled, and the Java Heap may be blocking the growth of the native heap
# Possible solutions:
#   Reduce memory load on the system
#   Increase physical memory or swap space
#   Check if swap backing store is full
#   Decrease Java heap size (-Xmx/-Xms)
#   Decrease number of Java threads
#   Decrease Java thread stack sizes (-Xss)
#   Set larger code cache with -XX:ReservedCodeCacheSize=
#   JVM is running with Unscaled Compressed Oops mode in which the Java heap is
#     placed in the first 4GB address space. The Java Heap base address is the
#     maximum limit for the native heap growth. Please use -XX:HeapBaseMinAddress
#     to set the Java Heap base and to place the Java Heap above 4GB virtual address.
# This output file may be truncated or incomplete.
#
#  Out of Memory Error (arena.cpp:168), pid=1508, tid=9812
#
# JRE version: OpenJDK Runtime Environment Temurin-21.0.9+10 (21.0.9+10) (build 21.0.9+10-LTS)
# Java VM: OpenJDK 64-Bit Server VM Temurin-21.0.9+10 (21.0.9+10-LTS, mixed mode, sharing, tiered, compressed oops, compressed class ptrs, parallel gc, windows-amd64)
# No core dump will be written. Minidumps are not enabled by default on client versions of Windows
#

---------------  S U M M A R Y ------------

Command Line: --add-modules=ALL-SYSTEM --add-opens=java.base/java.util=ALL-UNNAMED --add-opens=java.base/java.lang=ALL-UNNAMED --add-opens=java.base/sun.nio.fs=ALL-UNNAMED -Declipse.application=org.eclipse.jdt.ls.core.id1 -Dosgi.bundles.defaultStartLevel=4 -Declipse.product=org.eclipse.jdt.ls.core.product -Djava.import.generatesMetadataFilesAtProjectRoot=false -DDetectVMInstallationsJob.disabled=true -Dfile.encoding=utf8 -XX:+UseParallelGC -XX:GCTimeRatio=4 -XX:AdaptiveSizePolicyWeight=90 -Dsun.zip.disableMemoryMapping=true -Xmx2G -Xms100m -Xlog:disable -javaagent:c:\Users\ACER\.vscode\extensions\redhat.java-1.51.0-win32-x64\lombok\lombok-1.18.39-4050.jar -XX:+HeapDumpOnOutOfMemoryError -XX:HeapDumpPath=c:\Users\ACER\AppData\Roaming\Code\User\workspaceStorage\2ec1ba88d14a2fa4c929315634a321a7\redhat.java -Daether.dependencyCollector.impl=bf c:\Users\ACER\.vscode\extensions\redhat.java-1.51.0-win32-x64\server\plugins\org.eclipse.equinox.launcher_1.7.100.v20251111-0406.jar -configuration c:\Users\ACER\AppData\Roaming\Code\User\globalStorage\redhat.java\1.51.0\config_win -data c:\Users\ACER\AppData\Roaming\Code\User\workspaceStorage\2ec1ba88d14a2fa4c929315634a321a7\redhat.java\jdt_ws --pipe=\\.\pipe\lsp-78f285f622041479fb5be58102fd16cd-sock

Host: 11th Gen Intel(R) Core(TM) i5-11400H @ 2.70GHz, 12 cores, 15G,  Windows 11 , 64 bit Build 26100 (10.0.26100.7623)
Time: Sun Jan 25 01:03:05 2026 Malay Peninsula Standard Time elapsed time: 7516.671794 seconds (0d 2h 5m 16s)

---------------  T H R E A D  ---------------

Current thread (0x0000014983947230):  JavaThread "C2 CompilerThread0" daemon [_thread_in_native, id=9812, stack(0x00000023e4e00000,0x00000023e4f00000) (1024K)]


Current CompileTask:
C2:7516671 13554 %     4       org.lombokweb.asm.SymbolTable::<init> @ 98 (554 bytes)

Stack: [0x00000023e4e00000,0x00000023e4f00000]
Native frames: (J=compiled Java code, j=interpreted, Vv=VM code, C=native code)
V  [jvm.dll+0x6d6e29]
V  [jvm.dll+0x8b4b76]
V  [jvm.dll+0x8b712e]
V  [jvm.dll+0x8b7813]
V  [jvm.dll+0x283d86]
V  [jvm.dll+0xc66ed]
V  [jvm.dll+0xc6c31]
V  [jvm.dll+0x3be53b]
V  [jvm.dll+0x1e3b52]
V  [jvm.dll+0x24c0f3]
V  [jvm.dll+0x24b580]
V  [jvm.dll+0x1cb13e]
V  [jvm.dll+0x25b29d]
V  [jvm.dll+0x25982a]
V  [jvm.dll+0x3f7ea6]
V  [jvm.dll+0x85e9ad]
V  [jvm.dll+0x6d565d]
C  [ucrtbase.dll+0x37b0]
C  [KERNEL32.DLL+0x2e8d7]
C  [ntdll.dll+0x8c53c]


---------------  P R O C E S S  ---------------

Threads class SMR info:
_java_thread_list=0x00000149e6be3340, length=52, elements={
0x0000014983894ca0, 0x0000014983938ba0, 0x0000014983939e90, 0x000001498393bc20,
0x000001498393c870, 0x0000014983940c20, 0x00000149839417a0, 0x0000014983947230,
0x0000014983948b30, 0x00000149dc8c64a0, 0x00000149dc89b4b0, 0x00000149e203b980,
0x00000149ddb989a0, 0x00000149ddc1b070, 0x00000149e202ba20, 0x00000149e28c4010,
0x00000149dda45df0, 0x00000149e259aa70, 0x00000149e23d9ab0, 0x00000149e23da140,
0x00000149e23d9420, 0x00000149e23d8070, 0x00000149e23dae60, 0x00000149e23d8700,
0x00000149e23d8d90, 0x00000149e4ef2340, 0x00000149e4ef29d0, 0x00000149e4ef36f0,
0x00000149e4ef1cb0, 0x00000149e4ef3d80, 0x00000149e4ef5130, 0x00000149e4ef3060,
0x00000149e4ef57c0, 0x00000149e4ef4410, 0x00000149e4ef7890, 0x00000149e4ef5e50,
0x00000149e4ef64e0, 0x00000149e4ef7f20, 0x00000149e4ef8c40, 0x00000149e4ef92d0,
0x00000149e3f484d0, 0x00000149e3f477b0, 0x00000149e3f45d70, 0x00000149e3f47120,
0x00000149e3f48b60, 0x00000149e3f4a5a0, 0x00000149e3a70d00, 0x00000149e3a74a50,
0x00000149e3f45050, 0x00000149e3f49f10, 0x00000149e3f4c670, 0x00000149e3f4ac30
}

Java Threads: ( => current thread )
  0x0000014983894ca0 JavaThread "main"                              [_thread_blocked, id=21900, stack(0x00000023e4400000,0x00000023e4500000) (1024K)]
  0x0000014983938ba0 JavaThread "Reference Handler"          daemon [_thread_blocked, id=7340, stack(0x00000023e4800000,0x00000023e4900000) (1024K)]
  0x0000014983939e90 JavaThread "Finalizer"                  daemon [_thread_blocked, id=7068, stack(0x00000023e4900000,0x00000023e4a00000) (1024K)]
  0x000001498393bc20 JavaThread "Signal Dispatcher"          daemon [_thread_blocked, id=7736, stack(0x00000023e4a00000,0x00000023e4b00000) (1024K)]
  0x000001498393c870 JavaThread "Attach Listener"            daemon [_thread_blocked, id=14396, stack(0x00000023e4b00000,0x00000023e4c00000) (1024K)]
  0x0000014983940c20 JavaThread "Service Thread"             daemon [_thread_blocked, id=18696, stack(0x00000023e4c00000,0x00000023e4d00000) (1024K)]
  0x00000149839417a0 JavaThread "Monitor Deflation Thread"   daemon [_thread_blocked, id=9844, stack(0x00000023e4d00000,0x00000023e4e00000) (1024K)]
=>0x0000014983947230 JavaThread "C2 CompilerThread0"         daemon [_thread_in_native, id=9812, stack(0x00000023e4e00000,0x00000023e4f00000) (1024K)]
  0x0000014983948b30 JavaThread "C1 CompilerThread0"         daemon [_thread_in_native, id=4176, stack(0x00000023e4f00000,0x00000023e5000000) (1024K)]
  0x00000149dc8c64a0 JavaThread "Common-Cleaner"             daemon [_thread_blocked, id=13880, stack(0x00000023e5000000,0x00000023e5100000) (1024K)]
  0x00000149dc89b4b0 JavaThread "Notification Thread"        daemon [_thread_blocked, id=4756, stack(0x00000023e5200000,0x00000023e5300000) (1024K)]
  0x00000149e203b980 JavaThread "Active Thread: Equinox Container: c71735d7-aa8c-4ef6-aa81-021da381103d"        [_thread_blocked, id=9992, stack(0x00000023e5a00000,0x00000023e5b00000) (1024K)]
  0x00000149ddb989a0 JavaThread "Refresh Thread: Equinox Container: c71735d7-aa8c-4ef6-aa81-021da381103d" daemon [_thread_blocked, id=12924, stack(0x00000023e5300000,0x00000023e5400000) (1024K)]
  0x00000149ddc1b070 JavaThread "Framework Event Dispatcher: Equinox Container: c71735d7-aa8c-4ef6-aa81-021da381103d" daemon [_thread_blocked, id=1372, stack(0x00000023e5b00000,0x00000023e5c00000) (1024K)]
  0x00000149e202ba20 JavaThread "Start Level: Equinox Container: c71735d7-aa8c-4ef6-aa81-021da381103d" daemon [_thread_blocked, id=5612, stack(0x00000023e5c00000,0x00000023e5d00000) (1024K)]
  0x00000149e28c4010 JavaThread "Bundle File Closer"         daemon [_thread_blocked, id=15336, stack(0x00000023e6000000,0x00000023e6100000) (1024K)]
  0x00000149dda45df0 JavaThread "SCR Component Actor"        daemon [_thread_blocked, id=9392, stack(0x00000023e5d00000,0x00000023e5e00000) (1024K)]
  0x00000149e259aa70 JavaThread "Worker-JM"                         [_thread_blocked, id=11852, stack(0x00000023e6300000,0x00000023e6400000) (1024K)]
  0x00000149e23d9ab0 JavaThread "Worker-1"                          [_thread_blocked, id=2836, stack(0x00000023e6500000,0x00000023e6600000) (1024K)]
  0x00000149e23da140 JavaThread "Java indexing"              daemon [_thread_blocked, id=6404, stack(0x00000023e6600000,0x00000023e6700000) (1024K)]
  0x00000149e23d9420 JavaThread "JNA Cleaner"                daemon [_thread_blocked, id=16096, stack(0x00000023e6700000,0x00000023e6800000) (1024K)]
  0x00000149e23d8070 JavaThread "Thread-1"                   daemon [_thread_in_native, id=12964, stack(0x00000023e6d00000,0x00000023e6e00000) (1024K)]
  0x00000149e23dae60 JavaThread "Thread-2"                   daemon [_thread_in_native, id=5068, stack(0x00000023e6e00000,0x00000023e6f00000) (1024K)]
  0x00000149e23d8700 JavaThread "Thread-3"                   daemon [_thread_in_native, id=10056, stack(0x00000023e6f00000,0x00000023e7000000) (1024K)]
  0x00000149e23d8d90 JavaThread "Thread-4"                   daemon [_thread_in_native, id=11340, stack(0x00000023e7000000,0x00000023e7100000) (1024K)]
  0x00000149e4ef2340 JavaThread "Thread-5"                   daemon [_thread_in_native, id=6392, stack(0x00000023e7100000,0x00000023e7200000) (1024K)]
  0x00000149e4ef29d0 JavaThread "Thread-6"                   daemon [_thread_in_native, id=22348, stack(0x00000023e7200000,0x00000023e7300000) (1024K)]
  0x00000149e4ef36f0 JavaThread "Thread-7"                   daemon [_thread_in_native, id=8092, stack(0x00000023e7300000,0x00000023e7400000) (1024K)]
  0x00000149e4ef1cb0 JavaThread "Thread-8"                   daemon [_thread_in_native, id=6592, stack(0x00000023e7400000,0x00000023e7500000) (1024K)]
  0x00000149e4ef3d80 JavaThread "Thread-9"                   daemon [_thread_in_native, id=6580, stack(0x00000023e7500000,0x00000023e7600000) (1024K)]
  0x00000149e4ef5130 JavaThread "Thread-10"                  daemon [_thread_in_native, id=7236, stack(0x00000023e7600000,0x00000023e7700000) (1024K)]
  0x00000149e4ef3060 JavaThread "Thread-11"                  daemon [_thread_in_native, id=19676, stack(0x00000023e7700000,0x00000023e7800000) (1024K)]
  0x00000149e4ef57c0 JavaThread "Thread-12"                  daemon [_thread_in_native, id=20260, stack(0x00000023e7800000,0x00000023e7900000) (1024K)]
  0x00000149e4ef4410 JavaThread "Thread-13"                  daemon [_thread_in_native, id=7364, stack(0x00000023e7900000,0x00000023e7a00000) (1024K)]
  0x00000149e4ef7890 JavaThread "pool-2-thread-1"                   [_thread_blocked, id=3308, stack(0x00000023e7a00000,0x00000023e7b00000) (1024K)]
  0x00000149e4ef5e50 JavaThread "WorkspaceEventsHandler"            [_thread_in_vm, id=18420, stack(0x00000023e7b00000,0x00000023e7c00000) (1024K)]
  0x00000149e4ef64e0 JavaThread "pool-1-thread-1"                   [_thread_blocked, id=21360, stack(0x00000023e7c00000,0x00000023e7d00000) (1024K)]
  0x00000149e4ef7f20 JavaThread "Timer-0"                           [_thread_blocked, id=18800, stack(0x00000023e8100000,0x00000023e8200000) (1024K)]
  0x00000149e4ef8c40 JavaThread "Timer-1"                           [_thread_blocked, id=10936, stack(0x00000023e8000000,0x00000023e8100000) (1024K)]
  0x00000149e4ef92d0 JavaThread "Timer-2"                           [_thread_blocked, id=22480, stack(0x00000023e8200000,0x00000023e8300000) (1024K)]
  0x00000149e3f484d0 JavaThread "Timer-3"                           [_thread_blocked, id=2472, stack(0x00000023e8300000,0x00000023e8400000) (1024K)]
  0x00000149e3f477b0 JavaThread "Timer-4"                           [_thread_blocked, id=18460, stack(0x00000023e8400000,0x00000023e8500000) (1024K)]
  0x00000149e3f45d70 JavaThread "Timer-5"                           [_thread_blocked, id=20692, stack(0x00000023e6100000,0x00000023e6200000) (1024K)]
  0x00000149e3f47120 JavaThread "Timer-6"                           [_thread_blocked, id=3512, stack(0x00000023e4300000,0x00000023e4400000) (1024K)]
  0x00000149e3f48b60 JavaThread "Timer-7"                           [_thread_blocked, id=2256, stack(0x00000023e7d00000,0x00000023e7e00000) (1024K)]
  0x00000149e3f4a5a0 JavaThread "Worker-9"                          [_thread_blocked, id=4992, stack(0x00000023e8500000,0x00000023e8600000) (1024K)]
  0x00000149e3a70d00 JavaThread "C2 CompilerThread1"         daemon [_thread_in_native, id=3452, stack(0x00000023e4200000,0x00000023e4300000) (1024K)]
  0x00000149e3a74a50 JavaThread "C2 CompilerThread2"         daemon [_thread_in_native, id=20616, stack(0x00000023e6200000,0x00000023e6300000) (1024K)]
  0x00000149e3f45050 JavaThread "Worker-12"                         [_thread_blocked, id=21472, stack(0x00000023e6400000,0x00000023e6500000) (1024K)]
  0x00000149e3f49f10 JavaThread "LocalFile Deleter"          daemon [_thread_blocked, id=22256, stack(0x00000023e6800000,0x00000023e6900000) (1024K)]
  0x00000149e3f4c670 JavaThread "LocalFile Deleter"          daemon [_thread_blocked, id=16660, stack(0x00000023e6900000,0x00000023e6a00000) (1024K)]
  0x00000149e3f4ac30 JavaThread "ForkJoinPool.commonPool-worker-13" daemon [_thread_blocked, id=7712, stack(0x00000023e6a00000,0x00000023e6b00000) (1024K)]
Total: 52

Other Threads:
  0x000001498392fa60 VMThread "VM Thread"                           [id=9700, stack(0x00000023e4700000,0x00000023e4800000) (1024K)]
  0x0000014983902400 WatcherThread "VM Periodic Task Thread"        [id=5444, stack(0x00000023e4600000,0x00000023e4700000) (1024K)]
  0x00000149838b2fb0 WorkerThread "GC Thread#0"                     [id=11920, stack(0x00000023e4500000,0x00000023e4600000) (1024K)]
  0x00000149e21f45e0 WorkerThread "GC Thread#1"                     [id=19316, stack(0x00000023e5400000,0x00000023e5500000) (1024K)]
  0x00000149e20385c0 WorkerThread "GC Thread#2"                     [id=4856, stack(0x00000023e5500000,0x00000023e5600000) (1024K)]
  0x00000149e21f4980 WorkerThread "GC Thread#3"                     [id=20924, stack(0x00000023e5600000,0x00000023e5700000) (1024K)]
  0x00000149ddc2a060 WorkerThread "GC Thread#4"                     [id=18448, stack(0x00000023e5700000,0x00000023e5800000) (1024K)]
  0x00000149ddc2a400 WorkerThread "GC Thread#5"                     [id=22080, stack(0x00000023e5800000,0x00000023e5900000) (1024K)]
  0x00000149ddc2a7a0 WorkerThread "GC Thread#6"                     [id=3016, stack(0x00000023e5900000,0x00000023e5a00000) (1024K)]
  0x00000149dc6be8e0 WorkerThread "GC Thread#7"                     [id=7664, stack(0x00000023e5100000,0x00000023e5200000) (1024K)]
  0x00000149e249e870 WorkerThread "GC Thread#8"                     [id=1964, stack(0x00000023e5e00000,0x00000023e5f00000) (1024K)]
  0x00000149dc8e0450 WorkerThread "GC Thread#9"                     [id=12880, stack(0x00000023e5f00000,0x00000023e6000000) (1024K)]
Total: 12

Threads with active compile tasks:
C2 CompilerThread0  7516703 13554 %     4       org.lombokweb.asm.SymbolTable::<init> @ 98 (554 bytes)
C1 CompilerThread0  7516703 13635       3       org.eclipse.jdt.internal.compiler.parser.Parser::consumeRule (7748 bytes)
C2 CompilerThread1  7516703 13597       4       org.lombokweb.asm.ClassReader::readMethod (1070 bytes)
C2 CompilerThread2  7516703 13583 %     4       org.lombokweb.asm.ClassReader::readCode @ 2187 (5117 bytes)
Total: 4

VM state: not at safepoint (normal execution)

VM Mutex/Monitor currently owned by a thread: None

Heap address: 0x0000000080000000, size: 2048 MB, Compressed Oops mode: 32-bit

CDS archive(s) mapped at: [0x000001499b000000-0x000001499bba0000-0x000001499bba0000), size 12189696, SharedBaseAddress: 0x000001499b000000, ArchiveRelocationMode: 1.
Compressed class space mapped at: 0x000001499c000000-0x00000149dc000000, reserved size: 1073741824
Narrow klass base: 0x000001499b000000, Narrow klass shift: 0, Narrow klass range: 0x100000000

GC Precious Log:
 CardTable entry size: 512
 CPUs: 12 total, 12 available
 Memory: 16163M
 Large Page Support: Disabled
 NUMA Support: Disabled
 Compressed Oops: Enabled (32-bit)
 Alignments: Space 512K, Generation 512K, Heap 2M
 Heap Min Capacity: 100M
 Heap Initial Capacity: 100M
 Heap Max Capacity: 2G
 Pre-touch: Disabled
 Parallel Workers: 10

Heap:
 PSYoungGen      total 4096K, used 1035K [0x00000000d5580000, 0x00000000d5b80000, 0x0000000100000000)
  eden space 3584K, 21% used [0x00000000d5580000,0x00000000d5642c18,0x00000000d5900000)
  from space 512K, 50% used [0x00000000d5b00000,0x00000000d5b40000,0x00000000d5b80000)
  to   space 512K, 0% used [0x00000000d5a80000,0x00000000d5a80000,0x00000000d5b00000)
 ParOldGen       total 752128K, used 751309K [0x0000000080000000, 0x00000000ade80000, 0x00000000d5580000)
  object space 752128K, 99% used [0x0000000080000000,0x00000000addb37a8,0x00000000ade80000)
 Metaspace       used 83969K, committed 85632K, reserved 1179648K
  class space    used 10116K, committed 10816K, reserved 1048576K

Card table byte_map: [0x0000014983230000,0x0000014983640000] _byte_map_base: 0x0000014982e30000

Marking Bits: (ParMarkBitMap*) 0x00007ffac9932460
 Begin Bits: [0x0000014995d40000, 0x0000014997d40000)
 End Bits:   [0x0000014997d40000, 0x0000014999d40000)

Polling page: 0x0000014981670000

Metaspace:

Usage:
  Non-class:     72.12 MB used.
      Class:      9.88 MB used.
       Both:     82.00 MB used.

Virtual space:
  Non-class space:      128.00 MB reserved,      73.06 MB ( 57%) committed,  2 nodes.
      Class space:        1.00 GB reserved,      10.56 MB (  1%) committed,  1 nodes.
             Both:        1.12 GB reserved,      83.62 MB (  7%) committed. 

Chunk freelists:
   Non-Class:  6.61 MB
       Class:  5.25 MB
        Both:  11.86 MB

MaxMetaspaceSize: unlimited
CompressedClassSpaceSize: 1.00 GB
Initial GC threshold: 21.00 MB
Current GC threshold: 129.81 MB
CDS: on
 - commit_granule_bytes: 65536.
 - commit_granule_words: 8192.
 - virtual_space_node_default_size: 8388608.
 - enlarge_chunks_in_place: 1.
 - use_allocation_guard: 0.


Internal statistics:

num_allocs_failed_limit: 9.
num_arena_births: 1488.
num_arena_deaths: 14.
num_vsnodes_births: 3.
num_vsnodes_deaths: 0.
num_space_committed: 1338.
num_space_uncommitted: 0.
num_chunks_returned_to_freelist: 23.
num_chunks_taken_from_freelist: 5062.
num_chunk_merges: 12.
num_chunk_splits: 3249.
num_chunks_enlarged: 2044.
num_inconsistent_stats: 0.

CodeHeap 'non-profiled nmethods': size=120000Kb used=14230Kb max_used=14230Kb free=105769Kb
 bounds [0x000001498e560000, 0x000001498f350000, 0x0000014995a90000]
CodeHeap 'profiled nmethods': size=120000Kb used=26506Kb max_used=26506Kb free=93493Kb
 bounds [0x0000014986a90000, 0x0000014988480000, 0x000001498dfc0000]
CodeHeap 'non-nmethods': size=5760Kb used=1492Kb max_used=1586Kb free=4267Kb
 bounds [0x000001498dfc0000, 0x000001498e230000, 0x000001498e560000]
CodeCache: size=245760Kb, used=42228Kb, max_used=42322Kb, free=203529Kb
 total_blobs=12968, nmethods=12169, adapters=705, full_count=0
Compilation: enabled, stopped_count=0, restarted_count=0

Compilation events (20 events):
Event: 7516.415 Thread 0x0000014983948b30 13621       1       org.eclipse.jdt.core.dom.ASTNode::getParent (5 bytes)
Event: 7516.415 Thread 0x0000014983948b30 nmethod 13621 0x000001498f345310 code [0x000001498f3454a0, 0x000001498f345568]
Event: 7516.415 Thread 0x0000014983948b30 13622       2       org.eclipse.jdt.internal.compiler.parser.Scanner::internalScanIdentifierOrKeyword (5041 bytes)
Event: 7516.424 Thread 0x0000014983948b30 nmethod 13622 0x000001498845d010 code [0x000001498845dc20, 0x0000014988463cf0]
Event: 7516.424 Thread 0x0000014983948b30 13623       1       org.eclipse.debug.core.DebugPlugin::getUniqueIdentifier (3 bytes)
Event: 7516.425 Thread 0x0000014983948b30 nmethod 13623 0x000001498f345610 code [0x000001498f3457a0, 0x000001498f345850]
Event: 7516.427 Thread 0x0000014983948b30 13624       3       org.eclipse.core.runtime.Path::segment (17 bytes)
Event: 7516.428 Thread 0x0000014983948b30 nmethod 13624 0x0000014988465c10 code [0x0000014988465dc0, 0x0000014988465f70]
Event: 7516.428 Thread 0x0000014983948b30 13625       3       org.eclipse.core.runtime.Path::isPrefixOf (118 bytes)
Event: 7516.428 Thread 0x0000014983948b30 nmethod 13625 0x0000014988466090 code [0x0000014988466300, 0x0000014988466d68]
Event: 7516.432 Thread 0x0000014983948b30 13626       3       sun.nio.fs.WindowsChannelFactory::newFileChannel (130 bytes)
Event: 7516.433 Thread 0x0000014983948b30 nmethod 13626 0x0000014988467110 code [0x0000014988467320, 0x00000149884677f8]
Event: 7516.433 Thread 0x0000014983948b30 13627   !   3       sun.nio.ch.FileChannelImpl::size (261 bytes)
Event: 7516.434 Thread 0x0000014983948b30 nmethod 13627 0x0000014988467990 code [0x0000014988467cc0, 0x0000014988468cd8]
Event: 7516.438 Thread 0x0000014983948b30 13628       3       sun.nio.cs.StreamEncoder::flushLeftoverChar (243 bytes)
Event: 7516.439 Thread 0x0000014983948b30 nmethod 13628 0x0000014988469610 code [0x0000014988469960, 0x000001498846ad98]
Event: 7516.454 Thread 0x0000014983948b30 13629   !   3       org.eclipse.core.internal.localstore.FileStoreRoot::computeURI (75 bytes)
Event: 7516.455 Thread 0x0000014983948b30 nmethod 13629 0x000001498846b390 code [0x000001498846b640, 0x000001498846c208]
Event: 7516.472 Thread 0x0000014983948b30 13630       3       java.util.Collections::addAll (43 bytes)
Event: 7516.473 Thread 0x0000014983948b30 nmethod 13630 0x000001498846c790 code [0x000001498846c940, 0x000001498846cbe8]

GC Heap History (20 events):
Event: 7516.249 GC heap before
{Heap before GC invocations=2691 (full 4):
 PSYoungGen      total 4096K, used 3845K [0x00000000d5580000, 0x00000000d5b00000, 0x0000000100000000)
  eden space 2560K, 100% used [0x00000000d5580000,0x00000000d5800000,0x00000000d5800000)
  from space 1536K, 83% used [0x00000000d5800000,0x00000000d5941538,0x00000000d5980000)
  to   space 1536K, 0% used [0x00000000d5980000,0x00000000d5980000,0x00000000d5b00000)
 ParOldGen       total 749056K, used 748672K [0x0000000080000000, 0x00000000adb80000, 0x00000000d5580000)
  object space 749056K, 99% used [0x0000000080000000,0x00000000adb20208,0x00000000adb80000)
 Metaspace       used 82091K, committed 83648K, reserved 1179648K
  class space    used 9972K, committed 10688K, reserved 1048576K
}
Event: 7516.251 GC heap after
{Heap after GC invocations=2691 (full 4):
 PSYoungGen      total 4096K, used 1182K [0x00000000d5580000, 0x00000000d5b00000, 0x0000000100000000)
  eden space 2560K, 0% used [0x00000000d5580000,0x00000000d5580000,0x00000000d5800000)
  from space 1536K, 76% used [0x00000000d5980000,0x00000000d5aa7a60,0x00000000d5b00000)
  to   space 1536K, 0% used [0x00000000d5800000,0x00000000d5800000,0x00000000d5980000)
 ParOldGen       total 749056K, used 748672K [0x0000000080000000, 0x00000000adb80000, 0x00000000d5580000)
  object space 749056K, 99% used [0x0000000080000000,0x00000000adb20208,0x00000000adb80000)
 Metaspace       used 82091K, committed 83648K, reserved 1179648K
  class space    used 9972K, committed 10688K, reserved 1048576K
}
Event: 7516.256 GC heap before
{Heap before GC invocations=2692 (full 4):
 PSYoungGen      total 4096K, used 3742K [0x00000000d5580000, 0x00000000d5b00000, 0x0000000100000000)
  eden space 2560K, 100% used [0x00000000d5580000,0x00000000d5800000,0x00000000d5800000)
  from space 1536K, 76% used [0x00000000d5980000,0x00000000d5aa7a60,0x00000000d5b00000)
  to   space 1536K, 0% used [0x00000000d5800000,0x00000000d5800000,0x00000000d5980000)
 ParOldGen       total 749056K, used 748672K [0x0000000080000000, 0x00000000adb80000, 0x00000000d5580000)
  object space 749056K, 99% used [0x0000000080000000,0x00000000adb20208,0x00000000adb80000)
 Metaspace       used 82092K, committed 83648K, reserved 1179648K
  class space    used 9972K, committed 10688K, reserved 1048576K
}
Event: 7516.259 GC heap after
{Heap after GC invocations=2692 (full 4):
 PSYoungGen      total 4096K, used 1220K [0x00000000d5580000, 0x00000000d5b80000, 0x0000000100000000)
  eden space 2560K, 0% used [0x00000000d5580000,0x00000000d5580000,0x00000000d5800000)
  from space 1536K, 79% used [0x00000000d5800000,0x00000000d5931108,0x00000000d5980000)
  to   space 1536K, 0% used [0x00000000d5a00000,0x00000000d5a00000,0x00000000d5b80000)
 ParOldGen       total 749056K, used 748680K [0x0000000080000000, 0x00000000adb80000, 0x00000000d5580000)
  object space 749056K, 99% used [0x0000000080000000,0x00000000adb22208,0x00000000adb80000)
 Metaspace       used 82092K, committed 83648K, reserved 1179648K
  class space    used 9972K, committed 10688K, reserved 1048576K
}
Event: 7516.264 GC heap before
{Heap before GC invocations=2693 (full 4):
 PSYoungGen      total 4096K, used 3780K [0x00000000d5580000, 0x00000000d5b80000, 0x0000000100000000)
  eden space 2560K, 100% used [0x00000000d5580000,0x00000000d5800000,0x00000000d5800000)
  from space 1536K, 79% used [0x00000000d5800000,0x00000000d5931108,0x00000000d5980000)
  to   space 1536K, 0% used [0x00000000d5a00000,0x00000000d5a00000,0x00000000d5b80000)
 ParOldGen       total 749056K, used 748680K [0x0000000080000000, 0x00000000adb80000, 0x00000000d5580000)
  object space 749056K, 99% used [0x0000000080000000,0x00000000adb22208,0x00000000adb80000)
 Metaspace       used 82092K, committed 83648K, reserved 1179648K
  class space    used 9972K, committed 10688K, reserved 1048576K
}
Event: 7516.265 GC heap after
{Heap after GC invocations=2693 (full 4):
 PSYoungGen      total 3584K, used 1022K [0x00000000d5580000, 0x00000000d5b00000, 0x0000000100000000)
  eden space 2560K, 0% used [0x00000000d5580000,0x00000000d5580000,0x00000000d5800000)
  from space 1024K, 99% used [0x00000000d5a00000,0x00000000d5affb08,0x00000000d5b00000)
  to   space 1536K, 0% used [0x00000000d5800000,0x00000000d5800000,0x00000000d5980000)
 ParOldGen       total 749056K, used 748680K [0x0000000080000000, 0x00000000adb80000, 0x00000000d5580000)
  object space 749056K, 99% used [0x0000000080000000,0x00000000adb22208,0x00000000adb80000)
 Metaspace       used 82092K, committed 83648K, reserved 1179648K
  class space    used 9972K, committed 10688K, reserved 1048576K
}
Event: 7516.268 GC heap before
{Heap before GC invocations=2694 (full 4):
 PSYoungGen      total 3584K, used 3574K [0x00000000d5580000, 0x00000000d5b00000, 0x0000000100000000)
  eden space 2560K, 99% used [0x00000000d5580000,0x00000000d57fdf90,0x00000000d5800000)
  from space 1024K, 99% used [0x00000000d5a00000,0x00000000d5affb08,0x00000000d5b00000)
  to   space 1536K, 0% used [0x00000000d5800000,0x00000000d5800000,0x00000000d5980000)
 ParOldGen       total 749056K, used 748680K [0x0000000080000000, 0x00000000adb80000, 0x00000000d5580000)
  object space 749056K, 99% used [0x0000000080000000,0x00000000adb22208,0x00000000adb80000)
 Metaspace       used 82092K, committed 83648K, reserved 1179648K
  class space    used 9972K, committed 10688K, reserved 1048576K
}
Event: 7516.270 GC heap after
{Heap after GC invocations=2694 (full 4):
 PSYoungGen      total 4096K, used 378K [0x00000000d5580000, 0x00000000d5a80000, 0x0000000100000000)
  eden space 2560K, 0% used [0x00000000d5580000,0x00000000d5580000,0x00000000d5800000)
  from space 1536K, 24% used [0x00000000d5800000,0x00000000d585e9c8,0x00000000d5980000)
  to   space 1024K, 0% used [0x00000000d5980000,0x00000000d5980000,0x00000000d5a80000)
 ParOldGen       total 749056K, used 748712K [0x0000000080000000, 0x00000000adb80000, 0x00000000d5580000)
  object space 749056K, 99% used [0x0000000080000000,0x00000000adb2a208,0x00000000adb80000)
 Metaspace       used 82092K, committed 83648K, reserved 1179648K
  class space    used 9972K, committed 10688K, reserved 1048576K
}
Event: 7516.273 GC heap before
{Heap before GC invocations=2695 (full 4):
 PSYoungGen      total 4096K, used 2938K [0x00000000d5580000, 0x00000000d5a80000, 0x0000000100000000)
  eden space 2560K, 100% used [0x00000000d5580000,0x00000000d5800000,0x00000000d5800000)
  from space 1536K, 24% used [0x00000000d5800000,0x00000000d585e9c8,0x00000000d5980000)
  to   space 1024K, 0% used [0x00000000d5980000,0x00000000d5980000,0x00000000d5a80000)
 ParOldGen       total 749056K, used 748712K [0x0000000080000000, 0x00000000adb80000, 0x00000000d5580000)
  object space 749056K, 99% used [0x0000000080000000,0x00000000adb2a208,0x00000000adb80000)
 Metaspace       used 82092K, committed 83648K, reserved 1179648K
  class space    used 9972K, committed 10688K, reserved 1048576K
}
Event: 7516.275 GC heap after
{Heap after GC invocations=2695 (full 4):
 PSYoungGen      total 4096K, used 889K [0x00000000d5580000, 0x00000000d5a80000, 0x0000000100000000)
  eden space 3072K, 0% used [0x00000000d5580000,0x00000000d5580000,0x00000000d5880000)
  from space 1024K, 86% used [0x00000000d5980000,0x00000000d5a5e7e8,0x00000000d5a80000)
  to   space 1024K, 0% used [0x00000000d5880000,0x00000000d5880000,0x00000000d5980000)
 ParOldGen       total 749056K, used 748768K [0x0000000080000000, 0x00000000adb80000, 0x00000000d5580000)
  object space 749056K, 99% used [0x0000000080000000,0x00000000adb38208,0x00000000adb80000)
 Metaspace       used 82092K, committed 83648K, reserved 1179648K
  class space    used 9972K, committed 10688K, reserved 1048576K
}
Event: 7516.279 GC heap before
{Heap before GC invocations=2696 (full 4):
 PSYoungGen      total 4096K, used 3961K [0x00000000d5580000, 0x00000000d5a80000, 0x0000000100000000)
  eden space 3072K, 100% used [0x00000000d5580000,0x00000000d5880000,0x00000000d5880000)
  from space 1024K, 86% used [0x00000000d5980000,0x00000000d5a5e7e8,0x00000000d5a80000)
  to   space 1024K, 0% used [0x00000000d5880000,0x00000000d5880000,0x00000000d5980000)
 ParOldGen       total 749056K, used 748768K [0x0000000080000000, 0x00000000adb80000, 0x00000000d5580000)
  object space 749056K, 99% used [0x0000000080000000,0x00000000adb38208,0x00000000adb80000)
 Metaspace       used 82092K, committed 83648K, reserved 1179648K
  class space    used 9972K, committed 10688K, reserved 1048576K
}
Event: 7516.281 GC heap after
{Heap after GC invocations=2696 (full 4):
 PSYoungGen      total 4096K, used 950K [0x00000000d5580000, 0x00000000d5b80000, 0x0000000100000000)
  eden space 3072K, 0% used [0x00000000d5580000,0x00000000d5580000,0x00000000d5880000)
  from space 1024K, 92% used [0x00000000d5880000,0x00000000d596dac0,0x00000000d5980000)
  to   space 1024K, 0% used [0x00000000d5a80000,0x00000000d5a80000,0x00000000d5b80000)
 ParOldGen       total 749056K, used 748872K [0x0000000080000000, 0x00000000adb80000, 0x00000000d5580000)
  object space 749056K, 99% used [0x0000000080000000,0x00000000adb52228,0x00000000adb80000)
 Metaspace       used 82092K, committed 83648K, reserved 1179648K
  class space    used 9972K, committed 10688K, reserved 1048576K
}
Event: 7516.288 GC heap before
{Heap before GC invocations=2697 (full 4):
 PSYoungGen      total 4096K, used 3993K [0x00000000d5580000, 0x00000000d5b80000, 0x0000000100000000)
  eden space 3072K, 99% used [0x00000000d5580000,0x00000000d5878a58,0x00000000d5880000)
  from space 1024K, 92% used [0x00000000d5880000,0x00000000d596dac0,0x00000000d5980000)
  to   space 1024K, 0% used [0x00000000d5a80000,0x00000000d5a80000,0x00000000d5b80000)
 ParOldGen       total 749056K, used 748872K [0x0000000080000000, 0x00000000adb80000, 0x00000000d5580000)
  object space 749056K, 99% used [0x0000000080000000,0x00000000adb52228,0x00000000adb80000)
 Metaspace       used 82095K, committed 83712K, reserved 1179648K
  class space    used 9972K, committed 10688K, reserved 1048576K
}
Event: 7516.291 GC heap after
{Heap after GC invocations=2697 (full 4):
 PSYoungGen      total 4608K, used 999K [0x00000000d5580000, 0x00000000d5c80000, 0x0000000100000000)
  eden space 3584K, 0% used [0x00000000d5580000,0x00000000d5580000,0x00000000d5900000)
  from space 1024K, 97% used [0x00000000d5a80000,0x00000000d5b79f60,0x00000000d5b80000)
  to   space 1536K, 0% used [0x00000000d5900000,0x00000000d5900000,0x00000000d5a80000)
 ParOldGen       total 749568K, used 749259K [0x0000000080000000, 0x00000000adc00000, 0x00000000d5580000)
  object space 749568K, 99% used [0x0000000080000000,0x00000000adbb2d58,0x00000000adc00000)
 Metaspace       used 82095K, committed 83712K, reserved 1179648K
  class space    used 9972K, committed 10688K, reserved 1048576K
}
Event: 7516.316 GC heap before
{Heap before GC invocations=2698 (full 4):
 PSYoungGen      total 4608K, used 4583K [0x00000000d5580000, 0x00000000d5c80000, 0x0000000100000000)
  eden space 3584K, 100% used [0x00000000d5580000,0x00000000d5900000,0x00000000d5900000)
  from space 1024K, 97% used [0x00000000d5a80000,0x00000000d5b79f60,0x00000000d5b80000)
  to   space 1536K, 0% used [0x00000000d5900000,0x00000000d5900000,0x00000000d5a80000)
 ParOldGen       total 749568K, used 749259K [0x0000000080000000, 0x00000000adc00000, 0x00000000d5580000)
  object space 749568K, 99% used [0x0000000080000000,0x00000000adbb2d58,0x00000000adc00000)
 Metaspace       used 82490K, committed 84096K, reserved 1179648K
  class space    used 10002K, committed 10752K, reserved 1048576K
}
Event: 7516.318 GC heap after
{Heap after GC invocations=2698 (full 4):
 PSYoungGen      total 5120K, used 384K [0x00000000d5580000, 0x00000000d5c00000, 0x0000000100000000)
  eden space 3584K, 0% used [0x00000000d5580000,0x00000000d5580000,0x00000000d5900000)
  from space 1536K, 25% used [0x00000000d5900000,0x00000000d5960020,0x00000000d5a80000)
  to   space 1024K, 0% used [0x00000000d5b00000,0x00000000d5b00000,0x00000000d5c00000)
 ParOldGen       total 749568K, used 749403K [0x0000000080000000, 0x00000000adc00000, 0x00000000d5580000)
  object space 749568K, 99% used [0x0000000080000000,0x00000000adbd6d58,0x00000000adc00000)
 Metaspace       used 82490K, committed 84096K, reserved 1179648K
  class space    used 10002K, committed 10752K, reserved 1048576K
}
Event: 7516.351 GC heap before
{Heap before GC invocations=2699 (full 4):
 PSYoungGen      total 5120K, used 3968K [0x00000000d5580000, 0x00000000d5c00000, 0x0000000100000000)
  eden space 3584K, 100% used [0x00000000d5580000,0x00000000d5900000,0x00000000d5900000)
  from space 1536K, 25% used [0x00000000d5900000,0x00000000d5960020,0x00000000d5a80000)
  to   space 1024K, 0% used [0x00000000d5b00000,0x00000000d5b00000,0x00000000d5c00000)
 ParOldGen       total 749568K, used 749403K [0x0000000080000000, 0x00000000adc00000, 0x00000000d5580000)
  object space 749568K, 99% used [0x0000000080000000,0x00000000adbd6d58,0x00000000adc00000)
 Metaspace       used 83034K, committed 84672K, reserved 1179648K
  class space    used 10062K, committed 10816K, reserved 1048576K
}
Event: 7516.353 GC heap after
{Heap after GC invocations=2699 (full 4):
 PSYoungGen      total 4096K, used 256K [0x00000000d5580000, 0x00000000d5b80000, 0x0000000100000000)
  eden space 3584K, 0% used [0x00000000d5580000,0x00000000d5580000,0x00000000d5900000)
  from space 512K, 50% used [0x00000000d5b00000,0x00000000d5b40000,0x00000000d5b80000)
  to   space 512K, 0% used [0x00000000d5a80000,0x00000000d5a80000,0x00000000d5b00000)
 ParOldGen       total 750080K, used 749587K [0x0000000080000000, 0x00000000adc80000, 0x00000000d5580000)
  object space 750080K, 99% used [0x0000000080000000,0x00000000adc04d88,0x00000000adc80000)
 Metaspace       used 83034K, committed 84672K, reserved 1179648K
  class space    used 10062K, committed 10816K, reserved 1048576K
}
Event: 7516.420 GC heap before
{Heap before GC invocations=2700 (full 4):
 PSYoungGen      total 4096K, used 3554K [0x00000000d5580000, 0x00000000d5b80000, 0x0000000100000000)
  eden space 3584K, 92% used [0x00000000d5580000,0x00000000d58b88a8,0x00000000d5900000)
  from space 512K, 50% used [0x00000000d5b00000,0x00000000d5b40000,0x00000000d5b80000)
  to   space 512K, 0% used [0x00000000d5a80000,0x00000000d5a80000,0x00000000d5b00000)
 ParOldGen       total 750080K, used 749587K [0x0000000080000000, 0x00000000adc80000, 0x00000000d5580000)
  object space 750080K, 99% used [0x0000000080000000,0x00000000adc04d88,0x00000000adc80000)
 Metaspace       used 83434K, committed 85056K, reserved 1179648K
  class space    used 10089K, committed 10816K, reserved 1048576K
}
Event: 7516.423 GC heap after
{Heap after GC invocations=2700 (full 4):
 PSYoungGen      total 4096K, used 288K [0x00000000d5580000, 0x00000000d5b80000, 0x0000000100000000)
  eden space 3584K, 0% used [0x00000000d5580000,0x00000000d5580000,0x00000000d5900000)
  from space 512K, 56% used [0x00000000d5a80000,0x00000000d5ac8000,0x00000000d5b00000)
  to   space 512K, 0% used [0x00000000d5b00000,0x00000000d5b00000,0x00000000d5b80000)
 ParOldGen       total 751104K, used 750424K [0x0000000080000000, 0x00000000add80000, 0x00000000d5580000)
  object space 751104K, 99% used [0x0000000080000000,0x00000000adcd6298,0x00000000add80000)
 Metaspace       used 83434K, committed 85056K, reserved 1179648K
  class space    used 10089K, committed 10816K, reserved 1048576K
}

Dll operation events (15 events):
Event: 0.010 Loaded shared library c:\Users\ACER\.vscode\extensions\redhat.java-1.51.0-win32-x64\jre\21.0.9-win32-x86_64\bin\java.dll
Event: 0.105 Loaded shared library c:\Users\ACER\.vscode\extensions\redhat.java-1.51.0-win32-x64\jre\21.0.9-win32-x86_64\bin\zip.dll
Event: 0.129 Loaded shared library C:\Users\ACER\.vscode\extensions\redhat.java-1.51.0-win32-x64\jre\21.0.9-win32-x86_64\bin\instrument.dll
Event: 0.135 Loaded shared library C:\Users\ACER\.vscode\extensions\redhat.java-1.51.0-win32-x64\jre\21.0.9-win32-x86_64\bin\net.dll
Event: 0.138 Loaded shared library C:\Users\ACER\.vscode\extensions\redhat.java-1.51.0-win32-x64\jre\21.0.9-win32-x86_64\bin\nio.dll
Event: 0.143 Loaded shared library C:\Users\ACER\.vscode\extensions\redhat.java-1.51.0-win32-x64\jre\21.0.9-win32-x86_64\bin\zip.dll
Event: 0.165 Loaded shared library C:\Users\ACER\.vscode\extensions\redhat.java-1.51.0-win32-x64\jre\21.0.9-win32-x86_64\bin\jimage.dll
Event: 0.268 Loaded shared library c:\Users\ACER\.vscode\extensions\redhat.java-1.51.0-win32-x64\jre\21.0.9-win32-x86_64\bin\verify.dll
Event: 9.642 Loaded shared library C:\Users\ACER\AppData\Roaming\Code\User\globalStorage\redhat.java\1.51.0\config_win\org.eclipse.equinox.launcher\org.eclipse.equinox.launcher.win32.win32.x86_64_1.2.1400.v20250801-0854\eclipse_11916.dll
Event: 17.673 Loaded shared library C:\Users\ACER\.vscode\extensions\redhat.java-1.51.0-win32-x64\jre\21.0.9-win32-x86_64\bin\management.dll
Event: 17.676 Loaded shared library C:\Users\ACER\.vscode\extensions\redhat.java-1.51.0-win32-x64\jre\21.0.9-win32-x86_64\bin\management_ext.dll
Event: 18.593 Loaded shared library C:\Users\ACER\AppData\Local\Temp\jna-2003023\jna16611826893483616203.dll
Event: 19.015 Loaded shared library C:\Users\ACER\.vscode\extensions\redhat.java-1.51.0-win32-x64\jre\21.0.9-win32-x86_64\bin\sunmscapi.dll
Event: 19.118 Loaded shared library C:\Users\ACER\.vscode\extensions\redhat.java-1.51.0-win32-x64\jre\21.0.9-win32-x86_64\bin\extnet.dll
Event: 32.561 Loaded shared library C:\Users\ACER\.gradle\native\1def1411415f61bf3af743bc5b6707747c0891f09f0c88961ee8f79bc544acac\windows-amd64\native-platform.dll

Deoptimization events (20 events):
Event: 7516.315 Thread 0x00000149e3f4ac30 Uncommon trap: trap_request=0xffffffd6 fr.pc=0x000001498f32ba44 relative=0x0000000000007024
Event: 7516.315 Thread 0x00000149e3f4ac30 Uncommon trap: reason=array_check action=maybe_recompile pc=0x000001498f32ba44 method=org.eclipse.jdt.internal.compiler.classfmt.ModuleInfo.readModuleAttribute(I)V @ 1029 c2
Event: 7516.315 Thread 0x00000149e3f4ac30 DEOPT PACKING pc=0x000001498f32ba44 sp=0x00000023e6afddf0
Event: 7516.315 Thread 0x00000149e3f4ac30 DEOPT UNPACKING pc=0x000001498e016da2 sp=0x00000023e6afdd98 mode 2
Event: 7516.315 Thread 0x00000149e3f4ac30 Uncommon trap: trap_request=0xffffffd6 fr.pc=0x000001498f32ba44 relative=0x0000000000007024
Event: 7516.315 Thread 0x00000149e3f4ac30 Uncommon trap: reason=array_check action=maybe_recompile pc=0x000001498f32ba44 method=org.eclipse.jdt.internal.compiler.classfmt.ModuleInfo.readModuleAttribute(I)V @ 1029 c2
Event: 7516.315 Thread 0x00000149e3f4ac30 DEOPT PACKING pc=0x000001498f32ba44 sp=0x00000023e6afddf0
Event: 7516.315 Thread 0x00000149e3f4ac30 DEOPT UNPACKING pc=0x000001498e016da2 sp=0x00000023e6afdd98 mode 2
Event: 7516.428 Thread 0x00000149e4ef5e50 Uncommon trap: trap_request=0xffffff45 fr.pc=0x000001498f2da510 relative=0x0000000000000330
Event: 7516.428 Thread 0x00000149e4ef5e50 Uncommon trap: reason=unstable_if action=reinterpret pc=0x000001498f2da510 method=java.net.URI.equalIgnoringCase(Ljava/lang/String;Ljava/lang/String;)Z @ 25 c2
Event: 7516.428 Thread 0x00000149e4ef5e50 DEOPT PACKING pc=0x000001498f2da510 sp=0x00000023e7bff200
Event: 7516.428 Thread 0x00000149e4ef5e50 DEOPT UNPACKING pc=0x000001498e016da2 sp=0x00000023e7bff198 mode 2
Event: 7516.430 Thread 0x00000149e4ef5e50 Uncommon trap: trap_request=0xffffff45 fr.pc=0x000001498ec3d0f8 relative=0x00000000000000d8
Event: 7516.430 Thread 0x00000149e4ef5e50 Uncommon trap: reason=unstable_if action=reinterpret pc=0x000001498ec3d0f8 method=org.eclipse.core.internal.resources.Resource.isLinked(I)Z @ 126 c2
Event: 7516.430 Thread 0x00000149e4ef5e50 DEOPT PACKING pc=0x000001498ec3d0f8 sp=0x00000023e7bff0f0
Event: 7516.430 Thread 0x00000149e4ef5e50 DEOPT UNPACKING pc=0x000001498e016da2 sp=0x00000023e7bff050 mode 2
Event: 7516.442 Thread 0x00000149e4ef5e50 Uncommon trap: trap_request=0xffffffde fr.pc=0x000001498f304aec relative=0x0000000000003a8c
Event: 7516.442 Thread 0x00000149e4ef5e50 Uncommon trap: reason=class_check action=maybe_recompile pc=0x000001498f304aec method=org.eclipse.core.internal.resources.AliasManager$LocationMap.matchingResourcesDo(Lorg/eclipse/core/filesystem/IFileStore;Ljava/util/function/Consumer;)V @ 78 c2
Event: 7516.442 Thread 0x00000149e4ef5e50 DEOPT PACKING pc=0x000001498f304aec sp=0x00000023e7bfeeb0
Event: 7516.442 Thread 0x00000149e4ef5e50 DEOPT UNPACKING pc=0x000001498e016da2 sp=0x00000023e7bfed88 mode 2

Classes loaded (20 events):
Event: 137.256 Loading class java/util/stream/DistinctOps
Event: 137.256 Loading class java/util/stream/DistinctOps done
Event: 137.256 Loading class java/util/stream/DistinctOps$1
Event: 137.256 Loading class java/util/stream/DistinctOps$1 done
Event: 137.258 Loading class java/util/stream/DistinctOps$1$2
Event: 137.258 Loading class java/util/stream/DistinctOps$1$2 done
Event: 153.075 Loading class java/util/concurrent/CompletableFuture$UniApply
Event: 153.075 Loading class java/util/concurrent/CompletableFuture$UniCompletion
Event: 153.075 Loading class java/util/concurrent/CompletableFuture$UniCompletion done
Event: 153.075 Loading class java/util/concurrent/CompletableFuture$UniApply done
Event: 153.076 Loading class java/util/concurrent/CompletableFuture$UniAccept
Event: 153.076 Loading class java/util/concurrent/CompletableFuture$UniAccept done
Event: 153.076 Loading class java/util/concurrent/CompletableFuture$UniExceptionally
Event: 153.076 Loading class java/util/concurrent/CompletableFuture$UniExceptionally done
Event: 268.899 Loading class java/io/SequenceInputStream
Event: 268.899 Loading class java/io/SequenceInputStream done
Event: 7515.328 Loading class javax/xml/transform/TransformerConfigurationException
Event: 7515.329 Loading class javax/xml/transform/TransformerConfigurationException done
Event: 7516.126 Loading class java/util/regex/Pattern$Caret
Event: 7516.127 Loading class java/util/regex/Pattern$Caret done

Classes unloaded (7 events):
Event: 18.103 Thread 0x000001498392fa60 Unloading class 0x000001499c1af400 'java/lang/invoke/LambdaForm$MH+0x000001499c1af400'
Event: 18.103 Thread 0x000001498392fa60 Unloading class 0x000001499c1af000 'java/lang/invoke/LambdaForm$MH+0x000001499c1af000'
Event: 18.103 Thread 0x000001498392fa60 Unloading class 0x000001499c1aec00 'java/lang/invoke/LambdaForm$MH+0x000001499c1aec00'
Event: 18.103 Thread 0x000001498392fa60 Unloading class 0x000001499c1ae800 'java/lang/invoke/LambdaForm$MH+0x000001499c1ae800'
Event: 18.103 Thread 0x000001498392fa60 Unloading class 0x000001499c1ae400 'java/lang/invoke/LambdaForm$BMH+0x000001499c1ae400'
Event: 18.103 Thread 0x000001498392fa60 Unloading class 0x000001499c1ae000 'java/lang/invoke/LambdaForm$DMH+0x000001499c1ae000'
Event: 18.103 Thread 0x000001498392fa60 Unloading class 0x000001499c1acc00 'java/lang/invoke/LambdaForm$DMH+0x000001499c1acc00'

Classes redefined (0 events):
No events

Internal exceptions (20 events):
Event: 7515.134 Thread 0x00000149e4ef5e50 Exception <a 'sun/nio/fs/WindowsException'{0x00000000d55e2868}> (0x00000000d55e2868) 
thrown [s\src\hotspot\share\prims\jni.cpp, line 520]
Event: 7515.134 Thread 0x00000149e4ef5e50 Exception <a 'sun/nio/fs/WindowsException'{0x00000000d55e2f90}> (0x00000000d55e2f90) 
thrown [s\src\hotspot\share\prims\jni.cpp, line 520]
Event: 7515.185 Thread 0x00000149e23d9ab0 Exception <a 'sun/nio/fs/WindowsException'{0x00000000d55b7fc8}> (0x00000000d55b7fc8) 
thrown [s\src\hotspot\share\prims\jni.cpp, line 520]
Event: 7515.190 Thread 0x00000149e23d9ab0 Exception <a 'sun/nio/fs/WindowsException'{0x00000000d55d4640}> (0x00000000d55d4640) 
thrown [s\src\hotspot\share\prims\jni.cpp, line 520]
Event: 7515.192 Thread 0x00000149e23d9ab0 Exception <a 'sun/nio/fs/WindowsException'{0x00000000d55e4818}> (0x00000000d55e4818) 
thrown [s\src\hotspot\share\prims\jni.cpp, line 520]
Event: 7515.211 Thread 0x00000149e4ef5e50 Exception <a 'sun/nio/fs/WindowsException'{0x00000000d566be10}> (0x00000000d566be10) 
thrown [s\src\hotspot\share\prims\jni.cpp, line 520]
Event: 7515.537 Thread 0x00000149e4ef5e50 Exception <a 'java/lang/NoSuchMethodError'{0x00000000d5667080}: 'int java.lang.invoke.Invokers$Holder.invokeExact_MT(java.lang.Object, java.lang.Object)'> (0x00000000d5667080) 
thrown [s\src\hotspot\share\interpreter\linkResolver.cpp, line 773]
Event: 7516.276 Thread 0x00000149e23d9ab0 Exception <a 'sun/nio/fs/WindowsException'{0x00000000d5676920}> (0x00000000d5676920) 
thrown [s\src\hotspot\share\prims\jni.cpp, line 520]
Event: 7516.282 Thread 0x00000149e23d9ab0 Exception <a 'sun/nio/fs/WindowsException'{0x00000000d55d6f00}> (0x00000000d55d6f00) 
thrown [s\src\hotspot\share\prims\jni.cpp, line 520]
Event: 7516.282 Thread 0x00000149e23d9ab0 Exception <a 'sun/nio/fs/WindowsException'{0x00000000d55d7628}> (0x00000000d55d7628) 
thrown [s\src\hotspot\share\prims\jni.cpp, line 520]
Event: 7516.297 Thread 0x00000149e23da140 Exception <a 'sun/nio/fs/WindowsException'{0x00000000d56c8b90}> (0x00000000d56c8b90) 
thrown [s\src\hotspot\share\prims\jni.cpp, line 520]
Event: 7516.313 Thread 0x00000149e3f4ac30 Exception <a 'sun/nio/fs/WindowsException'{0x00000000d586e8f0}> (0x00000000d586e8f0) 
thrown [s\src\hotspot\share\prims\jni.cpp, line 520]
Event: 7516.313 Thread 0x00000149e3f4ac30 Exception <a 'sun/nio/fs/WindowsException'{0x00000000d586f2e8}> (0x00000000d586f2e8) 
thrown [s\src\hotspot\share\prims\jni.cpp, line 520]
Event: 7516.313 Thread 0x00000149e3f4ac30 Exception <a 'sun/nio/fs/WindowsException'{0x00000000d58704c8}> (0x00000000d58704c8) 
thrown [s\src\hotspot\share\prims\jni.cpp, line 520]
Event: 7516.313 Thread 0x00000149e3f4ac30 Exception <a 'sun/nio/fs/WindowsException'{0x00000000d5870ea0}> (0x00000000d5870ea0) 
thrown [s\src\hotspot\share\prims\jni.cpp, line 520]
Event: 7516.314 Thread 0x00000149e3f4ac30 Exception <a 'sun/nio/fs/WindowsException'{0x00000000d5885960}> (0x00000000d5885960) 
thrown [s\src\hotspot\share\prims\jni.cpp, line 520]
Event: 7516.314 Thread 0x00000149e3f4ac30 Exception <a 'sun/nio/fs/WindowsException'{0x00000000d5886338}> (0x00000000d5886338) 
thrown [s\src\hotspot\share\prims\jni.cpp, line 520]
Event: 7516.314 Thread 0x00000149e3f4ac30 Exception <a 'sun/nio/fs/WindowsException'{0x00000000d58874f0}> (0x00000000d58874f0) 
thrown [s\src\hotspot\share\prims\jni.cpp, line 520]
Event: 7516.314 Thread 0x00000149e3f4ac30 Exception <a 'sun/nio/fs/WindowsException'{0x00000000d5887c18}> (0x00000000d5887c18) 
thrown [s\src\hotspot\share\prims\jni.cpp, line 520]
Event: 7516.434 Thread 0x00000149e4ef5e50 Exception <a 'sun/nio/fs/WindowsException'{0x00000000d5820630}> (0x00000000d5820630) 
thrown [s\src\hotspot\share\prims\jni.cpp, line 520]

ZGC Phase Switch (0 events):
No events

VM Operations (20 events):
Event: 7516.251 Executing VM operation: ParallelGCFailedAllocation (Allocation Failure) done
Event: 7516.256 Executing VM operation: ParallelGCFailedAllocation (Allocation Failure)
Event: 7516.259 Executing VM operation: ParallelGCFailedAllocation (Allocation Failure) done
Event: 7516.264 Executing VM operation: ParallelGCFailedAllocation (Allocation Failure)
Event: 7516.265 Executing VM operation: ParallelGCFailedAllocation (Allocation Failure) done
Event: 7516.268 Executing VM operation: ParallelGCFailedAllocation (Allocation Failure)
Event: 7516.270 Executing VM operation: ParallelGCFailedAllocation (Allocation Failure) done
Event: 7516.273 Executing VM operation: ParallelGCFailedAllocation (Allocation Failure)
Event: 7516.275 Executing VM operation: ParallelGCFailedAllocation (Allocation Failure) done
Event: 7516.279 Executing VM operation: ParallelGCFailedAllocation (Allocation Failure)
Event: 7516.281 Executing VM operation: ParallelGCFailedAllocation (Allocation Failure) done
Event: 7516.288 Executing VM operation: ParallelGCFailedAllocation (Allocation Failure)
Event: 7516.291 Executing VM operation: ParallelGCFailedAllocation (Allocation Failure) done
Event: 7516.316 Executing VM operation: ParallelGCFailedAllocation (Allocation Failure)
Event: 7516.318 Executing VM operation: ParallelGCFailedAllocation (Allocation Failure) done
Event: 7516.351 Executing VM operation: ParallelGCFailedAllocation (Allocation Failure)
Event: 7516.353 Executing VM operation: ParallelGCFailedAllocation (Allocation Failure) done
Event: 7516.420 Executing VM operation: ParallelGCFailedAllocation (Allocation Failure)
Event: 7516.423 Executing VM operation: ParallelGCFailedAllocation (Allocation Failure) done
Event: 7516.493 Executing VM operation: HandshakeAllThreads (HandshakeForDeflation)

Memory protections (0 events):
No events

Nmethod flushes (20 events):
Event: 147.958 Thread 0x000001498392fa60 flushing  nmethod 0x0000014987725a10
Event: 147.958 Thread 0x000001498392fa60 flushing  nmethod 0x0000014987726d90
Event: 147.958 Thread 0x000001498392fa60 flushing  nmethod 0x0000014987727a90
Event: 147.958 Thread 0x000001498392fa60 flushing  nmethod 0x0000014987728a90
Event: 147.958 Thread 0x000001498392fa60 flushing  nmethod 0x0000014987729010
Event: 147.958 Thread 0x000001498392fa60 flushing  nmethod 0x000001498772be90
Event: 147.958 Thread 0x000001498392fa60 flushing  nmethod 0x000001498772d510
Event: 147.958 Thread 0x000001498392fa60 flushing  nmethod 0x000001498772e590
Event: 147.958 Thread 0x000001498392fa60 flushing  nmethod 0x0000014987751790
Event: 147.958 Thread 0x000001498392fa60 flushing  nmethod 0x0000014987758810
Event: 147.958 Thread 0x000001498392fa60 flushing  nmethod 0x0000014987775e90
Event: 147.958 Thread 0x000001498392fa60 flushing  nmethod 0x0000014987783290
Event: 147.958 Thread 0x000001498392fa60 flushing  nmethod 0x0000014987783b10
Event: 147.958 Thread 0x000001498392fa60 flushing  nmethod 0x000001498778dc10
Event: 147.958 Thread 0x000001498392fa60 flushing  nmethod 0x0000014987794410
Event: 147.958 Thread 0x000001498392fa60 flushing  nmethod 0x0000014987794b90
Event: 147.958 Thread 0x000001498392fa60 flushing  nmethod 0x0000014987796410
Event: 147.958 Thread 0x000001498392fa60 flushing  nmethod 0x00000149877c2e10
Event: 147.958 Thread 0x000001498392fa60 flushing  nmethod 0x00000149877f1b90
Event: 147.958 Thread 0x000001498392fa60 flushing  nmethod 0x00000149877f2810

Events (20 events):
Event: 7515.023 Thread 0x00000149e3f47e40 Thread added: 0x00000149e3f4bfe0
Event: 7515.023 Thread 0x00000149e3f47e40 Thread added: 0x00000149e3f4ac30
Event: 7515.023 Thread 0x00000149e3f4b2c0 Thread added: 0x00000149e3f4b950
Event: 7515.024 Thread 0x00000149e3f4b950 Thread exited: 0x00000149e3f4b950
Event: 7515.024 Thread 0x00000149e3f4b2c0 Thread exited: 0x00000149e3f4b2c0
Event: 7515.024 Thread 0x00000149e3f47e40 Thread exited: 0x00000149e3f47e40
Event: 7515.024 Thread 0x00000149e3f4bfe0 Thread exited: 0x00000149e3f4bfe0
Event: 7515.024 Thread 0x00000149e3f45050 Thread exited: 0x00000149e3f45050
Event: 7515.024 Thread 0x00000149e3f49880 Thread exited: 0x00000149e3f49880
Event: 7515.024 Thread 0x00000149e3f4ac30 Thread exited: 0x00000149e3f4ac30
Event: 7515.379 Thread 0x0000014983948b30 Thread added: 0x00000149e3a70d00
Event: 7515.431 Thread 0x00000149e3a70d00 Thread added: 0x00000149e3a713d0
Event: 7515.685 Thread 0x00000149e3a713d0 Thread exited: 0x00000149e3a713d0
Event: 7515.982 Thread 0x00000149e3a70d00 Thread exited: 0x00000149e3a70d00
Event: 7516.213 Thread 0x0000014983948b30 Thread added: 0x00000149e3a70d00
Event: 7516.229 Thread 0x00000149e3a70d00 Thread added: 0x00000149e3a74a50
Event: 7516.263 Thread 0x00000149e23d9ab0 Thread added: 0x00000149e3f45050
Event: 7516.277 Thread 0x00000149e23d9ab0 Thread added: 0x00000149e3f49f10
Event: 7516.277 Thread 0x00000149e3f49f10 Thread added: 0x00000149e3f4c670
Event: 7516.302 Thread 0x00000149e4ef64e0 Thread added: 0x00000149e3f4ac30


Dynamic libraries:
0x00007ff628ed0000 - 0x00007ff628ede000 	c:\Users\ACER\.vscode\extensions\redhat.java-1.51.0-win32-x64\jre\21.0.9-win32-x86_64\bin\java.exe
0x00007ffbe4560000 - 0x00007ffbe47c7000 	C:\WINDOWS\SYSTEM32\ntdll.dll
0x00007ffbe2470000 - 0x00007ffbe2539000 	C:\WINDOWS\System32\KERNEL32.DLL
0x00007ffbe1e50000 - 0x00007ffbe223f000 	C:\WINDOWS\System32\KERNELBASE.dll
0x00007ffbe1cd0000 - 0x00007ffbe1e1b000 	C:\WINDOWS\System32\ucrtbase.dll
0x00007ffba7170000 - 0x00007ffba7188000 	c:\Users\ACER\.vscode\extensions\redhat.java-1.51.0-win32-x64\jre\21.0.9-win32-x86_64\bin\jli.dll
0x00007ffbe4350000 - 0x00007ffbe4515000 	C:\WINDOWS\System32\USER32.dll
0x00007ffbe1e20000 - 0x00007ffbe1e47000 	C:\WINDOWS\System32\win32u.dll
0x00007ffbe2640000 - 0x00007ffbe266b000 	C:\WINDOWS\System32\GDI32.dll
0x00007ffbe1ba0000 - 0x00007ffbe1ccc000 	C:\WINDOWS\System32\gdi32full.dll
0x00007ffbe1af0000 - 0x00007ffbe1b93000 	C:\WINDOWS\System32\msvcp_win.dll
0x00007ffba7190000 - 0x00007ffba71ae000 	c:\Users\ACER\.vscode\extensions\redhat.java-1.51.0-win32-x64\jre\21.0.9-win32-x86_64\bin\VCRUNTIME140.dll
0x00007ffbc6710000 - 0x00007ffbc69a3000 	C:\WINDOWS\WinSxS\amd64_microsoft.windows.common-controls_6595b64144ccf1df_6.0.26100.7309_none_3e05feeae336a044\COMCTL32.dll
0x00007ffbe2bd0000 - 0x00007ffbe2c79000 	C:\WINDOWS\System32\msvcrt.dll
0x00007ffbe2970000 - 0x00007ffbe29a1000 	C:\WINDOWS\System32\IMM32.DLL
0x00007ffbd9bc0000 - 0x00007ffbd9bcc000 	c:\Users\ACER\.vscode\extensions\redhat.java-1.51.0-win32-x64\jre\21.0.9-win32-x86_64\bin\vcruntime140_1.dll
0x00007ffba70e0000 - 0x00007ffba716d000 	c:\Users\ACER\.vscode\extensions\redhat.java-1.51.0-win32-x64\jre\21.0.9-win32-x86_64\bin\msvcp140.dll
0x00007ffac8c70000 - 0x00007ffac9a10000 	c:\Users\ACER\.vscode\extensions\redhat.java-1.51.0-win32-x64\jre\21.0.9-win32-x86_64\bin\server\jvm.dll
0x00007ffbe2a30000 - 0x00007ffbe2ae4000 	C:\WINDOWS\System32\ADVAPI32.dll
0x00007ffbe3610000 - 0x00007ffbe36b6000 	C:\WINDOWS\System32\sechost.dll
0x00007ffbe3750000 - 0x00007ffbe3868000 	C:\WINDOWS\System32\RPCRT4.dll
0x00007ffbe29b0000 - 0x00007ffbe2a24000 	C:\WINDOWS\System32\WS2_32.dll
0x00007ffbe02e0000 - 0x00007ffbe033e000 	C:\WINDOWS\SYSTEM32\POWRPROF.dll
0x00007ffbd3a50000 - 0x00007ffbd3a85000 	C:\WINDOWS\SYSTEM32\WINMM.dll
0x00007ffbd6a60000 - 0x00007ffbd6a6b000 	C:\WINDOWS\SYSTEM32\VERSION.dll
0x00007ffbe02c0000 - 0x00007ffbe02d4000 	C:\WINDOWS\SYSTEM32\UMPDC.dll
0x00007ffbe0580000 - 0x00007ffbe059b000 	C:\WINDOWS\SYSTEM32\kernel.appcore.dll
0x00007ffbd7960000 - 0x00007ffbd796a000 	c:\Users\ACER\.vscode\extensions\redhat.java-1.51.0-win32-x64\jre\21.0.9-win32-x86_64\bin\jimage.dll
0x00007ffbdee40000 - 0x00007ffbdf082000 	C:\WINDOWS\SYSTEM32\DBGHELP.DLL
0x00007ffbe3870000 - 0x00007ffbe3bf6000 	C:\WINDOWS\System32\combase.dll
0x00007ffbe2af0000 - 0x00007ffbe2bc6000 	C:\WINDOWS\System32\OLEAUT32.dll
0x00007ffbca070000 - 0x00007ffbca0ac000 	C:\WINDOWS\SYSTEM32\dbgcore.DLL
0x00007ffbe2250000 - 0x00007ffbe22f5000 	C:\WINDOWS\System32\bcryptPrimitives.dll
0x00007ffbc5b10000 - 0x00007ffbc5b1f000 	c:\Users\ACER\.vscode\extensions\redhat.java-1.51.0-win32-x64\jre\21.0.9-win32-x86_64\bin\instrument.dll
0x00007ffba70c0000 - 0x00007ffba70e0000 	c:\Users\ACER\.vscode\extensions\redhat.java-1.51.0-win32-x64\jre\21.0.9-win32-x86_64\bin\java.dll
0x00007ffbe2eb0000 - 0x00007ffbe3603000 	C:\WINDOWS\System32\SHELL32.dll
0x00007ffbe1980000 - 0x00007ffbe1aea000 	C:\WINDOWS\System32\wintypes.dll
0x00007ffbdf310000 - 0x00007ffbdfb6e000 	C:\WINDOWS\SYSTEM32\windows.storage.dll
0x00007ffbe2c80000 - 0x00007ffbe2d75000 	C:\WINDOWS\System32\SHCORE.dll
0x00007ffbe28d0000 - 0x00007ffbe2936000 	C:\WINDOWS\System32\shlwapi.dll
0x00007ffbe15d0000 - 0x00007ffbe15f9000 	C:\WINDOWS\SYSTEM32\profapi.dll
0x00007ffba70a0000 - 0x00007ffba70b8000 	c:\Users\ACER\.vscode\extensions\redhat.java-1.51.0-win32-x64\jre\21.0.9-win32-x86_64\bin\zip.dll
0x00007ffbd6040000 - 0x00007ffbd6050000 	C:\Users\ACER\.vscode\extensions\redhat.java-1.51.0-win32-x64\jre\21.0.9-win32-x86_64\bin\net.dll
0x00007ffbd7f40000 - 0x00007ffbd8068000 	C:\WINDOWS\SYSTEM32\WINHTTP.dll
0x00007ffbe0af0000 - 0x00007ffbe0b5b000 	C:\WINDOWS\system32\mswsock.dll
0x00007ffba7080000 - 0x00007ffba7096000 	C:\Users\ACER\.vscode\extensions\redhat.java-1.51.0-win32-x64\jre\21.0.9-win32-x86_64\bin\nio.dll
0x00007ffbc22e0000 - 0x00007ffbc22f0000 	c:\Users\ACER\.vscode\extensions\redhat.java-1.51.0-win32-x64\jre\21.0.9-win32-x86_64\bin\verify.dll
0x00007ffb61040000 - 0x00007ffb61084000 	C:\Users\ACER\AppData\Roaming\Code\User\globalStorage\redhat.java\1.51.0\config_win\org.eclipse.equinox.launcher\org.eclipse.equinox.launcher.win32.win32.x86_64_1.2.1400.v20250801-0854\eclipse_11916.dll
0x00007ffbe4130000 - 0x00007ffbe42c7000 	C:\WINDOWS\System32\ole32.dll
0x00007ffbc22b0000 - 0x00007ffbc22ba000 	C:\Users\ACER\.vscode\extensions\redhat.java-1.51.0-win32-x64\jre\21.0.9-win32-x86_64\bin\management.dll
0x00007ffba9c40000 - 0x00007ffba9c4c000 	C:\Users\ACER\.vscode\extensions\redhat.java-1.51.0-win32-x64\jre\21.0.9-win32-x86_64\bin\management_ext.dll
0x00007ffbe2940000 - 0x00007ffbe2948000 	C:\WINDOWS\System32\PSAPI.DLL
0x00007ffbe0db0000 - 0x00007ffbe0dcb000 	C:\WINDOWS\SYSTEM32\CRYPTSP.dll
0x00007ffbe04e0000 - 0x00007ffbe051a000 	C:\WINDOWS\system32\rsaenh.dll
0x00007ffbe0ba0000 - 0x00007ffbe0bcb000 	C:\WINDOWS\SYSTEM32\USERENV.dll
0x00007ffbe15a0000 - 0x00007ffbe15ca000 	C:\WINDOWS\SYSTEM32\bcrypt.dll
0x00007ffbe0dd0000 - 0x00007ffbe0ddc000 	C:\WINDOWS\SYSTEM32\CRYPTBASE.dll
0x00007ffbdff00000 - 0x00007ffbdff34000 	C:\WINDOWS\SYSTEM32\IPHLPAPI.DLL
0x00007ffbe2d80000 - 0x00007ffbe2d8a000 	C:\WINDOWS\System32\NSI.dll
0x00007ffacd710000 - 0x00007ffacd759000 	C:\Users\ACER\AppData\Local\Temp\jna-2003023\jna16611826893483616203.dll
0x00007ffbd7de0000 - 0x00007ffbd7dfe000 	C:\WINDOWS\SYSTEM32\dhcpcsvc6.DLL
0x00007ffbd78f0000 - 0x00007ffbd7913000 	C:\WINDOWS\SYSTEM32\dhcpcsvc.DLL
0x00007ffba8ec0000 - 0x00007ffba8ece000 	C:\Users\ACER\.vscode\extensions\redhat.java-1.51.0-win32-x64\jre\21.0.9-win32-x86_64\bin\sunmscapi.dll
0x00007ffbe1740000 - 0x00007ffbe18b7000 	C:\WINDOWS\System32\CRYPT32.dll
0x00007ffbe0fd0000 - 0x00007ffbe1000000 	C:\WINDOWS\SYSTEM32\ncrypt.dll
0x00007ffbe0f80000 - 0x00007ffbe0fbf000 	C:\WINDOWS\SYSTEM32\NTASN1.dll
0x00007ffbdfff0000 - 0x00007ffbe011c000 	C:\WINDOWS\SYSTEM32\DNSAPI.dll
0x00007ffbd57f0000 - 0x00007ffbd57fb000 	C:\Windows\System32\rasadhlp.dll
0x00007ffbd7120000 - 0x00007ffbd71a6000 	C:\WINDOWS\System32\fwpuclnt.dll
0x00007ffba7b10000 - 0x00007ffba7b19000 	C:\Users\ACER\.vscode\extensions\redhat.java-1.51.0-win32-x64\jre\21.0.9-win32-x86_64\bin\extnet.dll
0x00007ffba6fb0000 - 0x00007ffba6fd7000 	C:\Users\ACER\.gradle\native\1def1411415f61bf3af743bc5b6707747c0891f09f0c88961ee8f79bc544acac\windows-amd64\native-platform.dll
0x00007ffb9c9e0000 - 0x00007ffb9c9e8000 	C:\WINDOWS\system32\wshunix.dll

JVMTI agents:
c:\Users\ACER\.vscode\extensions\redhat.java-1.51.0-win32-x64\lombok\lombok-1.18.39-4050.jar path:c:\Users\ACER\.vscode\extensions\redhat.java-1.51.0-win32-x64\jre\21.0.9-win32-x86_64\bin\instrument.dll, loaded, initialized, instrumentlib options:none

dbghelp: loaded successfully - version: 4.0.5 - missing functions: none
symbol engine: initialized successfully - sym options: 0x614 - pdb path: .;c:\Users\ACER\.vscode\extensions\redhat.java-1.51.0-win32-x64\jre\21.0.9-win32-x86_64\bin;C:\WINDOWS\SYSTEM32;C:\WINDOWS\WinSxS\amd64_microsoft.windows.common-controls_6595b64144ccf1df_6.0.26100.7309_none_3e05feeae336a044;c:\Users\ACER\.vscode\extensions\redhat.java-1.51.0-win32-x64\jre\21.0.9-win32-x86_64\bin\server;C:\Users\ACER\AppData\Roaming\Code\User\globalStorage\redhat.java\1.51.0\config_win\org.eclipse.equinox.launcher\org.eclipse.equinox.launcher.win32.win32.x86_64_1.2.1400.v20250801-0854;C:\Users\ACER\AppData\Local\Temp\jna-2003023;C:\Users\ACER\.gradle\native\1def1411415f61bf3af743bc5b6707747c0891f09f0c88961ee8f79bc544acac\windows-amd64

VM Arguments:
jvm_args: --add-modules=ALL-SYSTEM --add-opens=java.base/java.util=ALL-UNNAMED --add-opens=java.base/java.lang=ALL-UNNAMED --add-opens=java.base/sun.nio.fs=ALL-UNNAMED -Declipse.application=org.eclipse.jdt.ls.core.id1 -Dosgi.bundles.defaultStartLevel=4 -Declipse.product=org.eclipse.jdt.ls.core.product -Djava.import.generatesMetadataFilesAtProjectRoot=false -DDetectVMInstallationsJob.disabled=true -Dfile.encoding=utf8 -XX:+UseParallelGC -XX:GCTimeRatio=4 -XX:AdaptiveSizePolicyWeight=90 -Dsun.zip.disableMemoryMapping=true -Xmx2G -Xms100m -Xlog:disable -javaagent:c:\Users\ACER\.vscode\extensions\redhat.java-1.51.0-win32-x64\lombok\lombok-1.18.39-4050.jar -XX:+HeapDumpOnOutOfMemoryError -XX:HeapDumpPath=c:\Users\ACER\AppData\Roaming\Code\User\workspaceStorage\2ec1ba88d14a2fa4c929315634a321a7\redhat.java -Daether.dependencyCollector.impl=bf 
java_command: c:\Users\ACER\.vscode\extensions\redhat.java-1.51.0-win32-x64\server\plugins\org.eclipse.equinox.launcher_1.7.100.v20251111-0406.jar -configuration c:\Users\ACER\AppData\Roaming\Code\User\globalStorage\redhat.java\1.51.0\config_win -data c:\Users\ACER\AppData\Roaming\Code\User\workspaceStorage\2ec1ba88d14a2fa4c929315634a321a7\redhat.java\jdt_ws --pipe=\\.\pipe\lsp-78f285f622041479fb5be58102fd16cd-sock
java_class_path (initial): c:\Users\ACER\.vscode\extensions\redhat.java-1.51.0-win32-x64\server\plugins\org.eclipse.equinox.launcher_1.7.100.v20251111-0406.jar
Launcher Type: SUN_STANDARD

[Global flags]
    uintx AdaptiveSizePolicyWeight                 = 90                                        {product} {command line}
     intx CICompilerCount                          = 4                                         {product} {ergonomic}
    uintx GCTimeRatio                              = 4                                         {product} {command line}
     bool HeapDumpOnOutOfMemoryError               = true                                   {manageable} {command line}
    ccstr HeapDumpPath                             = c:\Users\ACER\AppData\Roaming\Code\User\workspaceStorage\2ec1ba88d14a2fa4c929315634a321a7\redhat.java         {manageable} {command line}
   size_t InitialHeapSize                          = 104857600                                 {product} {command line}
   size_t MaxHeapSize                              = 2147483648                                {product} {command line}
   size_t MaxNewSize                               = 715653120                                 {product} {ergonomic}
   size_t MinHeapDeltaBytes                        = 524288                                    {product} {ergonomic}
   size_t MinHeapSize                              = 104857600                                 {product} {command line}
   size_t NewSize                                  = 34603008                                  {product} {ergonomic}
    uintx NonNMethodCodeHeapSize                   = 5839372                                {pd product} {ergonomic}
    uintx NonProfiledCodeHeapSize                  = 122909434                              {pd product} {ergonomic}
   size_t OldSize                                  = 70254592                                  {product} {ergonomic}
    uintx ProfiledCodeHeapSize                     = 122909434                              {pd product} {ergonomic}
    uintx ReservedCodeCacheSize                    = 251658240                              {pd product} {ergonomic}
     bool SegmentedCodeCache                       = true                                      {product} {ergonomic}
   size_t SoftMaxHeapSize                          = 2147483648                             {manageable} {ergonomic}
     bool UseCompressedOops                        = true                           {product lp64_product} {ergonomic}
     bool UseLargePagesIndividualAllocation        = false                                  {pd product} {ergonomic}
     bool UseParallelGC                            = true                                      {product} {command line}

Logging:
Log output configuration:
 #0: stdout all=off uptime,level,tags foldmultilines=false
 #1: stderr all=off uptime,level,tags foldmultilines=false

Release file:
JAVA_VERSION="21.0.9" 
MODULES="java.base java.compiler java.datatransfer java.xml java.prefs java.desktop java.instrument java.logging java.management java.security.sasl java.naming java.rmi java.management.rmi java.net.http java.scripting java.security.jgss java.transaction.xa java.sql java.sql.rowset java.xml.crypto java.se java.smartcardio jdk.accessibility jdk.internal.jvmstat jdk.attach jdk.charsets jdk.internal.opt jdk.zipfs jdk.compiler jdk.crypto.ec jdk.crypto.cryptoki jdk.crypto.mscapi jdk.dynalink jdk.internal.ed jdk.editpad jdk.hotspot.agent jdk.httpserver jdk.internal.le jdk.internal.vm.ci jdk.internal.vm.compiler jdk.internal.vm.compiler.management jdk.jartool jdk.javadoc jdk.jcmd jdk.management jdk.management.agent jdk.jconsole jdk.jdeps jdk.jdwp.agent jdk.jdi jdk.jfr jdk.jshell jdk.jsobject jdk.jstatd jdk.localedata jdk.management.jfr jdk.naming.dns jdk.naming.rmi jdk.net jdk.nio.mapmode jdk.random jdk.sctp jdk.security.auth jdk.security.jgss jdk.unsupported jdk.unsupported.desktop jdk.xml.dom" 

Environment Variables:
JAVA_HOME=D:\Program Files\Eclipse\Adoptium\jdk-17.0.8.101-hotspot
PATH=D:\Program Files (x86)\VMware\VMware Workstation\bin\;D:\Program Files\Eclipse\Adoptium\jdk-17.0.8.101-hotspot\bin;D:\Program Files\Eclipse\Adoptium\jre-17.0.8.101-hotspot\bin;C:\Python314\Scripts\;C:\Python314\;C:\Python312\Scripts\;C:\Python312\;C:\Program Files\Common Files\Oracle\Java\javapath;C:\ProgramData\Oracle\Java\javapath;C:\Program Files (x86)\Common Files\Intel\Shared Libraries\redist\intel64\compiler;C:\Windows\system32;C:\Windows;C:\Windows\System32\Wbem;C:\Windows\System32\WindowsPowerShell\v1.0\;C:\Windows\System32\OpenSSH\;C:\Program Files (x86)\NVIDIA Corporation\PhysX\Common;C:\Program Files\NVIDIA Corporation\NVIDIA NvDLISR;C:\Program Files\Git\cmd;C:\Program Files\dotnet\;C:\WINDOWS\system32;C:\WINDOWS;C:\WINDOWS\System32\Wbem;C:\WINDOWS\System32\WindowsPowerShell\v1.0\;C:\WINDOWS\System32\OpenSSH\;C:\msys64\ucrt64;C:\msys64\ucrt64\bin;C:\MinGW\bin;C:\ProgramData\chocolatey\bin;D:\xampp\php;C:\ProgramData\ComposerSetup\bin;D:\Program Files\NodeJS\;D:\Android\Sdk\platform-tools;D:\Android\Sdk\cmdline-tools\latest\bin;D:\Program Files\Android\Android Studio\bin;C:\Users\ACER\.config\herd-lite\bin;C:\Users\ACER\AppData\Local\Microsoft\WindowsApps;C:\Users\ACER\AppData\Local\spicetify;C:\msys64\mingw64\bin;C:\MinGW\bin;C:\msys64\mingw64;C:\Users\ACER\AppData\Local\Microsoft\WinGet\Links;C:\Users\ACER\AppData\Local\Microsoft\WindowsApps;D:\Microsoft VS Code\bin;C:\Users\ACER\AppData\Roaming\Composer\vendor\bin;D:\xampp\php;C:\Users\ACER\AppData\Roaming\npm;D:\npm-global;D:\npm-global\bin;D:\Android\Sdk\platform-tools;D:\Android\Sdk\tools;D:\Android\Sdk\tools\bin;D:\Android\Sdk\emulator;D:\Android\Sdk\platform-tools;D:\Android\Sdk\emulator;D:\Android\Sdk\tools;
USERNAME=ACER
OS=Windows_NT
PROCESSOR_IDENTIFIER=Intel64 Family 6 Model 141 Stepping 1, GenuineIntel
TMP=C:\Users\ACER\AppData\Local\Temp
TEMP=C:\Users\ACER\AppData\Local\Temp




Periodic native trim disabled

---------------  S Y S T E M  ---------------

OS:
 Windows 11 , 64 bit Build 26100 (10.0.26100.7623)
OS uptime: 0 days 2:12 hours

CPU: total 12 (initial active 12) (6 cores per cpu, 2 threads per core) family 6 model 141 stepping 1 microcode 0x3c, cx8, cmov, fxsr, ht, mmx, 3dnowpref, sse, sse2, sse3, ssse3, sse4.1, sse4.2, popcnt, lzcnt, tsc, tscinvbit, avx, avx2, aes, erms, clmul, bmi1, bmi2, adx, avx512f, avx512dq, avx512cd, avx512bw, avx512vl, sha, fma, vzeroupper, avx512_vpopcntdq, avx512_vpclmulqdq, avx512_vaes, avx512_vnni, clflush, clflushopt, clwb, avx512_vbmi2, avx512_vbmi, rdtscp, rdpid, fsrm, gfni, avx512_bitalg, f16c, pku, cet_ibt, cet_ss, avx512_ifma
Processor Information for the first 12 processors :
  Max Mhz: 2688, Current Mhz: 2688, Mhz Limit: 2688

Memory: 4k page, system-wide physical 16163M (1724M free)
TotalPageFile size 24355M (AvailPageFile size 8M)
current process WorkingSet (physical memory assigned to process): 334M, peak: 1790M
current process commit charge ("private bytes"): 1123M, peak: 1734M

vm_info: OpenJDK 64-Bit Server VM (21.0.9+10-LTS) for windows-amd64 JRE (21.0.9+10-LTS), built on 2025-10-21T00:00:00Z by "admin" with unknown MS VC++:1942

END.
