#
# There is insufficient memory for the Java Runtime Environment to continue.
# Native memory allocation (mmap) failed to map 67108864 bytes for G1 virtual space
# Possible reasons:
#   The system is out of physical RAM or swap space
#   The process is running with CompressedOops enabled, and the Java Heap may be blocking the growth of the native heap
# Possible solutions:
#   Reduce memory load on the system
#   Increase physical memory or swap space
#   Check if swap backing store is full
#   Decrease Java heap size (-Xmx/-Xms)
#   Decrease number of Java threads
#   Decrease Java thread stack sizes (-Xss)
#   Set larger code cache with -XX:ReservedCodeCacheSize=
#   JVM is running with Unscaled Compressed Oops mode in which the Java heap is
#     placed in the first 4GB address space. The Java Heap base address is the
#     maximum limit for the native heap growth. Please use -XX:HeapBaseMinAddress
#     to set the Java Heap base and to place the Java Heap above 4GB virtual address.
# This output file may be truncated or incomplete.
#
#  Out of Memory Error (os_windows.cpp:3528), pid=6376, tid=21840
#
# JRE version:  (20.0.1+9) (build )
# Java VM: Java HotSpot(TM) 64-Bit Server VM (20.0.1+9-29, mixed mode, sharing, tiered, compressed oops, compressed class ptrs, g1 gc, windows-amd64)
# No core dump will be written. Minidumps are not enabled by default on client versions of Windows
#

---------------  S U M M A R Y ------------

Command Line: -Xmx64m -Xms64m -Dorg.gradle.appname=gradlew D:\ReactNativeProject\MyFirstApp\android\\gradle\wrapper\gradle-wrapper.jar app:installDebug -PreactNativeDevServerPort=8081

Host: 11th Gen Intel(R) Core(TM) i5-11400H @ 2.70GHz, 12 cores, 15G,  Windows 11 , 64 bit Build 26100 (10.0.26100.6725)
Time: Wed Oct 22 13:54:10 2025 Malay Peninsula Standard Time elapsed time: 1.204838 seconds (0d 0h 0m 1s)

---------------  T H R E A D  ---------------

Current thread (0x000001b6a5b8fc90):  JavaThread "Unknown thread" [_thread_in_vm, id=21840, stack(0x00000071e9100000,0x00000071e9200000)]

Stack: [0x00000071e9100000,0x00000071e9200000]
Native frames: (J=compiled Java code, j=interpreted, Vv=VM code, C=native code)
V  [jvm.dll+0x6bb95a]
V  [jvm.dll+0x8485fa]
V  [jvm.dll+0x84a1f5]
V  [jvm.dll+0x84a8f3]
V  [jvm.dll+0x280b0f]
V  [jvm.dll+0x6b86e9]
V  [jvm.dll+0x6ad2da]
V  [jvm.dll+0x35adf5]
V  [jvm.dll+0x363016]
V  [jvm.dll+0x3b3b3e]
V  [jvm.dll+0x3b3dc5]
V  [jvm.dll+0x32b50a]
V  [jvm.dll+0x32c32b]
V  [jvm.dll+0x8112bf]
V  [jvm.dll+0x3c0d91]
V  [jvm.dll+0x7fcfe3]
V  [jvm.dll+0x44c76f]
V  [jvm.dll+0x44e0e1]
C  [jli.dll+0x5287]
C  [ucrtbase.dll+0x37b0]
C  [KERNEL32.DLL+0x2e8d7]
C  [ntdll.dll+0x8c53c]


---------------  P R O C E S S  ---------------

Threads class SMR info:
_java_thread_list=0x00007ff9d3a7a098, length=0, elements={
}

Java Threads: ( => current thread )

Other Threads:
  0x000001b6a5bb7180 WorkerThread "GC Thread#0" [stack: 0x00000071e9200000,0x00000071e9300000] [id=5164]
  0x000001b6a5bb8910 ConcurrentGCThread "G1 Main Marker" [stack: 0x00000071e9300000,0x00000071e9400000] [id=20384]
  0x000001b6a5bb9340 WorkerThread "G1 Conc#0" [stack: 0x00000071e9400000,0x00000071e9500000] [id=21808]

[error occurred during error reporting (printing all threads), id 0xc0000005, EXCEPTION_ACCESS_VIOLATION (0xc0000005) at pc=0x00007ff9d325eb47]
VM state: not at safepoint (not fully initialized)

VM Mutex/Monitor currently owned by a thread:  ([mutex/lock_event])
[0x000001b6a5b8b690] Heap_lock - owner thread: 0x000001b6a5b8fc90

Heap address: 0x00000000fc000000, size: 64 MB, Compressed Oops mode: 32-bit

CDS archive(s) mapped at: [0x0000000000000000-0x0000000000000000-0x0000000000000000), size 0, SharedBaseAddress: 0x0000000800000000, ArchiveRelocationMode: 0.
Narrow klass base: 0x0000000000000000, Narrow klass shift: 0, Narrow klass range: 0x0

GC Precious Log:
 CardTable entry size: 512
 Card Set container configuration: InlinePtr #cards 5 size 8 Array Of Cards #cards 12 size 40 Howl #buckets 4 coarsen threshold 1843 Howl Bitmap #cards 512 size 80 coarsen threshold 460 Card regions per heap region 1 cards per card region 2048

Heap:
 garbage-first heap   total 0K, used 0K [0x00000000fc000000, 0x0000000100000000)
  region size 1024K, 0 young (0K), 0 survivors (0K)

[error occurred during error reporting (printing heap information), id 0xc0000005, EXCEPTION_ACCESS_VIOLATION (0xc0000005) at pc=0x00007ff9d3633c59]
GC Heap History (0 events):
No events

Dll operation events (1 events):
Event: 0.006 Loaded shared library C:\Program Files\Java\jdk-20\bin\java.dll

Deoptimization events (0 events):
No events

Classes loaded (0 events):
No events

Classes unloaded (0 events):
No events

Classes redefined (0 events):
No events

Internal exceptions (0 events):
No events

VM Operations (0 events):
No events

Events (0 events):
No events


Dynamic libraries:
0x00007ff6f6c10000 - 0x00007ff6f6c20000 	C:\Program Files\Java\jdk-20\bin\java.exe
0x00007ffb1b380000 - 0x00007ffb1b5e8000 	C:\WINDOWS\SYSTEM32\ntdll.dll
0x00007ffb19db0000 - 0x00007ffb19e79000 	C:\WINDOWS\System32\KERNEL32.DLL
0x00007ffb187e0000 - 0x00007ffb18bd2000 	C:\WINDOWS\System32\KERNELBASE.dll
0x00007ffb18510000 - 0x00007ffb1865b000 	C:\WINDOWS\System32\ucrtbase.dll
0x00007ffb131b0000 - 0x00007ffb131c9000 	C:\Program Files\Java\jdk-20\bin\jli.dll
0x00007ffb03db0000 - 0x00007ffb03dcb000 	C:\Program Files\Java\jdk-20\bin\VCRUNTIME140.dll
0x00007ffb197f0000 - 0x00007ffb198a4000 	C:\WINDOWS\System32\ADVAPI32.dll
0x00007ffb199a0000 - 0x00007ffb19a49000 	C:\WINDOWS\System32\msvcrt.dll
0x00007ffb1a730000 - 0x00007ffb1a7d6000 	C:\WINDOWS\System32\sechost.dll
0x00007ffb1b220000 - 0x00007ffb1b338000 	C:\WINDOWS\System32\RPCRT4.dll
0x00007ffb19a50000 - 0x00007ffb19c15000 	C:\WINDOWS\System32\USER32.dll
0x00007ffb187b0000 - 0x00007ffb187d7000 	C:\WINDOWS\System32\win32u.dll
0x00007ffafe0c0000 - 0x00007ffafe353000 	C:\WINDOWS\WinSxS\amd64_microsoft.windows.common-controls_6595b64144ccf1df_6.0.26100.6899_none_3e0efeeae32e88c1\COMCTL32.dll
0x00007ffb19c20000 - 0x00007ffb19c4b000 	C:\WINDOWS\System32\GDI32.dll
0x00007ffb18eb0000 - 0x00007ffb18fdd000 	C:\WINDOWS\System32\gdi32full.dll
0x00007ffb18be0000 - 0x00007ffb18c83000 	C:\WINDOWS\System32\msvcp_win.dll
0x00007ffb09e80000 - 0x00007ffb09e8b000 	C:\WINDOWS\SYSTEM32\VERSION.dll
0x00007ffb1b160000 - 0x00007ffb1b18f000 	C:\WINDOWS\System32\IMM32.DLL
0x00007ffb11f00000 - 0x00007ffb11f0c000 	C:\Program Files\Java\jdk-20\bin\vcruntime140_1.dll
0x00007ffaca8f0000 - 0x00007ffaca97e000 	C:\Program Files\Java\jdk-20\bin\msvcp140.dll
0x00007ff9d2f20000 - 0x00007ff9d3bb7000 	C:\Program Files\Java\jdk-20\bin\server\jvm.dll
0x00007ffb00880000 - 0x00007ffb0088a000 	C:\WINDOWS\SYSTEM32\WSOCK32.dll
0x00007ffb01d80000 - 0x00007ffb01db5000 	C:\WINDOWS\SYSTEM32\WINMM.dll
0x00007ffb198b0000 - 0x00007ffb19924000 	C:\WINDOWS\System32\WS2_32.dll
0x00007ffb173c0000 - 0x00007ffb173db000 	C:\WINDOWS\SYSTEM32\kernel.appcore.dll
0x00007ffb0f7d0000 - 0x00007ffb0f7da000 	C:\Program Files\Java\jdk-20\bin\jimage.dll
0x00007ffb15ca0000 - 0x00007ffb15ee2000 	C:\WINDOWS\SYSTEM32\DBGHELP.DLL
0x00007ffb1a7e0000 - 0x00007ffb1ab5b000 	C:\WINDOWS\System32\combase.dll
0x00007ffb1ac70000 - 0x00007ffb1ad47000 	C:\WINDOWS\System32\OLEAUT32.dll
0x00007ffaff5e0000 - 0x00007ffaff61c000 	C:\WINDOWS\SYSTEM32\dbgcore.DLL
0x00007ffb18e10000 - 0x00007ffb18ea8000 	C:\WINDOWS\System32\bcryptPrimitives.dll
0x00007ffaffac0000 - 0x00007ffaffae6000 	C:\Program Files\Java\jdk-20\bin\java.dll

dbghelp: loaded successfully - version: 4.0.5 - missing functions: none
symbol engine: initialized successfully - sym options: 0x614 - pdb path: .;C:\Program Files\Java\jdk-20\bin;C:\WINDOWS\SYSTEM32;C:\WINDOWS\WinSxS\amd64_microsoft.windows.common-controls_6595b64144ccf1df_6.0.26100.6899_none_3e0efeeae32e88c1;C:\Program Files\Java\jdk-20\bin\server

VM Arguments:
jvm_args: -Xmx64m -Xms64m -Dorg.gradle.appname=gradlew 
java_command: D:\ReactNativeProject\MyFirstApp\android\\gradle\wrapper\gradle-wrapper.jar app:installDebug -PreactNativeDevServerPort=8081
java_class_path (initial): D:\ReactNativeProject\MyFirstApp\android\\gradle\wrapper\gradle-wrapper.jar
Launcher Type: SUN_STANDARD

[Global flags]
     intx CICompilerCount                          = 4                                         {product} {ergonomic}
     uint ConcGCThreads                            = 3                                         {product} {ergonomic}
     uint G1ConcRefinementThreads                  = 10                                        {product} {ergonomic}
   size_t G1HeapRegionSize                         = 1048576                                   {product} {ergonomic}
    uintx GCDrainStackTargetSize                   = 64                                        {product} {ergonomic}
   size_t InitialHeapSize                          = 67108864                                  {product} {command line}
   size_t MarkStackSize                            = 4194304                                   {product} {ergonomic}
   size_t MaxHeapSize                              = 67108864                                  {product} {command line}
   size_t MinHeapDeltaBytes                        = 1048576                                   {product} {ergonomic}
   size_t MinHeapSize                              = 67108864                                  {product} {command line}
    uintx NonNMethodCodeHeapSize                   = 5839372                                {pd product} {ergonomic}
    uintx NonProfiledCodeHeapSize                  = 122909434                              {pd product} {ergonomic}
    uintx ProfiledCodeHeapSize                     = 122909434                              {pd product} {ergonomic}
    uintx ReservedCodeCacheSize                    = 251658240                              {pd product} {ergonomic}
     bool SegmentedCodeCache                       = true                                      {product} {ergonomic}
   size_t SoftMaxHeapSize                          = 67108864                               {manageable} {ergonomic}
     bool UseCompressedClassPointers               = true                           {product lp64_product} {ergonomic}
     bool UseCompressedOops                        = true                           {product lp64_product} {ergonomic}
     bool UseG1GC                                  = true                                      {product} {ergonomic}
     bool UseLargePagesIndividualAllocation        = false                                  {pd product} {ergonomic}

Logging:
Log output configuration:
 #0: stdout all=warning uptime,level,tags foldmultilines=false
 #1: stderr all=off uptime,level,tags foldmultilines=false

Environment Variables:
JAVA_HOME=C:\Program Files\Java\jdk-20
PATH=D:\ReactNativeProject\MyFirstApp\node_modules\.bin;D:\ReactNativeProject\MyFirstApp\node_modules\.bin;D:\ReactNativeProject\node_modules\.bin;D:\node_modules\.bin;D:\Program Files\NodeJS\node_modules\npm\node_modules\@npmcli\run-script\lib\node-gyp-bin;D:\Program Files\Eclipse\Adoptium\jre-17.0.8.101-hotspot\bin;C:\Python314\Scripts\;C:\Python314\;C:\Python312\Scripts\;C:\Python312\;C:\Program Files\Common Files\Oracle\Java\javapath;C:\ProgramData\Oracle\Java\javapath;C:\Program Files (x86)\Common Files\Intel\Shared Libraries\redist\intel64\compiler;C:\Windows\system32;C:\Windows;C:\Windows\System32\Wbem;C:\Windows\System32\WindowsPowerShell\v1.0\;C:\Windows\System32\OpenSSH\;C:\Program Files (x86)\NVIDIA Corporation\PhysX\Common;C:\Program Files\NVIDIA Corporation\NVIDIA NvDLISR;C:\Program Files\Git\cmd;C:\Program Files\dotnet\;C:\WINDOWS\system32;C:\WINDOWS;C:\WINDOWS\System32\Wbem;C:\WINDOWS\System32\WindowsPowerShell\v1.0\;C:\WINDOWS\System32\OpenSSH\;C:\msys64\ucrt64;C:\msys64\ucrt64\bin;C:\MinGW\bin;C:\ProgramData\chocolatey\bin;D:\xampp\php;C:\ProgramData\ComposerSetup\bin;D:\Program Files\NodeJS\;C:\Program Files\Java\jdk-20\bin;C:\Users\ACER\AppData\Local\Microsoft\WindowsApps;C:\Users\ACER\AppData\Local\spicetify;C:\msys64\mingw64\bin;C:\MinGW\bin;C:\msys64\mingw64;C:\Users\ACER\AppData\Local\Microsoft\WinGet\Links;C:\Users\ACER\AppData\Local\Microsoft\WindowsApps;D:\Microsoft VS Code\bin;C:\Users\ACER\AppData\Roaming\Composer\vendor\bin;D:\xampp\php;C:\Users\ACER\AppData\Roaming\npm;D:\npm-global;D:\npm-global\bin;D:\Android\Sdk\platform-tools;D:\Android\Sdk\tools;D:\Android\Sdk\tools\bin;D:\Android\Sdk\emulator;
USERNAME=ACER
OS=Windows_NT
PROCESSOR_IDENTIFIER=Intel64 Family 6 Model 141 Stepping 1, GenuineIntel
TMP=C:\Users\ACER\AppData\Local\Temp
TEMP=C:\Users\ACER\AppData\Local\Temp




---------------  S Y S T E M  ---------------

OS:
 Windows 11 , 64 bit Build 26100 (10.0.26100.6725)
OS uptime: 0 days 1:23 hours
Hyper-V role detected

CPU: total 12 (initial active 12) (6 cores per cpu, 2 threads per core) family 6 model 141 stepping 1 microcode 0x3c, cx8, cmov, fxsr, ht, mmx, 3dnowpref, sse, sse2, sse3, ssse3, sse4.1, sse4.2, popcnt, lzcnt, tsc, tscinvbit, avx, avx2, aes, erms, clmul, bmi1, bmi2, adx, avx512f, avx512dq, avx512cd, avx512bw, avx512vl, sha, fma, vzeroupper, avx512_vpopcntdq, avx512_vpclmulqdq, avx512_vaes, avx512_vnni, clflush, clflushopt, clwb, avx512_vbmi2, avx512_vbmi, hv, rdtscp, rdpid, fsrm, gfni, avx512_bitalg, f16c, cet_ibt, cet_ss, avx512_ifma

Memory: 4k page, system-wide physical 16163M (1660M free)
TotalPageFile size 16163M (AvailPageFile size 23M)
current process WorkingSet (physical memory assigned to process): 12M, peak: 12M
current process commit charge ("private bytes"): 63M, peak: 127M

vm_info: Java HotSpot(TM) 64-Bit Server VM (20.0.1+9-29) for windows-amd64 JRE (20.0.1+9-29), built on 2023-03-07T13:56:11Z by "mach5one" with MS VC++ 17.1 (VS2022)

END.
